This file contains any messages produced by compilers while
running configure, to aid debugging if configure makes a mistake.

It was created by i3 configure 4.16.1, which was
generated by GNU Autoconf 2.69.  Invocation command line was

  $ ../configure --prefix=/usr --sysconfdir=/etc --disable-sanitizers

## --------- ##
## Platform. ##
## --------- ##

hostname = pop-os
uname -m = x86_64
uname -r = 5.4.0-7642-generic
uname -s = Linux
uname -v = #46~1598628707~20.04~040157c-Ubuntu SMP Fri Aug 28 18:02:16 UTC 

/usr/bin/uname -p = x86_64
/bin/uname -X     = unknown

/bin/arch              = x86_64
/usr/bin/arch -k       = unknown
/usr/convex/getsysinfo = unknown
/usr/bin/hostinfo      = unknown
/bin/machine           = unknown
/usr/bin/oslevel       = unknown
/bin/universe          = unknown

PATH: /usr/local/sbin
PATH: /usr/local/bin
PATH: /usr/sbin
PATH: /usr/bin
PATH: /sbin
PATH: /bin
PATH: /snap/bin


## ----------- ##
## Core tests. ##
## ----------- ##

configure:2426: checking build system type
configure:2440: result: x86_64-pc-linux-gnu
configure:2460: checking host system type
configure:2473: result: x86_64-pc-linux-gnu
configure:2493: checking target system type
configure:2506: result: x86_64-pc-linux-gnu
configure:2594: checking for gsed
configure:2625: result: sed
configure:2652: checking for a BSD-compatible install
configure:2720: result: /usr/bin/install -c
configure:2731: checking whether build environment is sane
configure:2786: result: yes
configure:2932: checking for a thread-safe mkdir -p
configure:2971: result: /usr/bin/mkdir -p
configure:2978: checking for gawk
configure:3008: result: no
configure:2978: checking for mawk
configure:2994: found /usr/bin/mawk
configure:3005: result: mawk
configure:3016: checking whether make sets $(MAKE)
configure:3038: result: yes
configure:3067: checking whether make supports nested variables
configure:3084: result: yes
configure:3222: checking whether make supports nested variables
configure:3239: result: yes
configure:3253: checking whether to enable maintainer-specific portions of Makefiles
configure:3262: result: yes
configure:3289: checking for gawk
configure:3316: result: mawk
configure:3327: checking for GNU make
configure:3343: result: make
configure:3437: checking for a sed that does not truncate output
configure:3501: result: /usr/bin/sed
configure:3519: checking whether to build with code coverage support
configure:3539: result: no
configure:3902: checking whether to enable debugging
configure:3933: result: yes
configure:3998: checking whether make supports the include directive
configure:4013: make -f confmf.GNU && cat confinc.out
this is the am__doit target
configure:4016: $? = 0
configure:4035: result: yes (GNU style)
configure:4105: checking for gcc
configure:4121: found /usr/bin/gcc
configure:4132: result: gcc
configure:4361: checking for C compiler version
configure:4370: gcc --version >&5
gcc (Ubuntu 9.3.0-10ubuntu2) 9.3.0
Copyright (C) 2019 Free Software Foundation, Inc.
This is free software; see the source for copying conditions.  There is NO
warranty; not even for MERCHANTABILITY or FITNESS FOR A PARTICULAR PURPOSE.

configure:4381: $? = 0
configure:4370: gcc -v >&5
Using built-in specs.
COLLECT_GCC=gcc
COLLECT_LTO_WRAPPER=/usr/lib/gcc/x86_64-linux-gnu/9/lto-wrapper
OFFLOAD_TARGET_NAMES=nvptx-none:hsa
OFFLOAD_TARGET_DEFAULT=1
Target: x86_64-linux-gnu
Configured with: ../src/configure -v --with-pkgversion='Ubuntu 9.3.0-10ubuntu2' --with-bugurl=file:///usr/share/doc/gcc-9/README.Bugs --enable-languages=c,ada,c++,go,brig,d,fortran,objc,obj-c++,gm2 --prefix=/usr --with-gcc-major-version-only --program-suffix=-9 --program-prefix=x86_64-linux-gnu- --enable-shared --enable-linker-build-id --libexecdir=/usr/lib --without-included-gettext --enable-threads=posix --libdir=/usr/lib --enable-nls --enable-clocale=gnu --enable-libstdcxx-debug --enable-libstdcxx-time=yes --with-default-libstdcxx-abi=new --enable-gnu-unique-object --disable-vtable-verify --enable-plugin --enable-default-pie --with-system-zlib --with-target-system-zlib=auto --enable-objc-gc=auto --enable-multiarch --disable-werror --with-arch-32=i686 --with-abi=m64 --with-multilib-list=m32,m64,mx32 --enable-multilib --with-tune=generic --enable-offload-targets=nvptx-none,hsa --without-cuda-driver --enable-checking=release --build=x86_64-linux-gnu --host=x86_64-linux-gnu --target=x86_64-linux-gnu
Thread model: posix
gcc version 9.3.0 (Ubuntu 9.3.0-10ubuntu2) 
configure:4381: $? = 0
configure:4370: gcc -V >&5
gcc: error: unrecognized command line option '-V'
gcc: fatal error: no input files
compilation terminated.
configure:4381: $? = 1
configure:4370: gcc -qversion >&5
gcc: error: unrecognized command line option '-qversion'; did you mean '--version'?
gcc: fatal error: no input files
compilation terminated.
configure:4381: $? = 1
configure:4401: checking whether the C compiler works
configure:4423: gcc  -g -O0   conftest.c  >&5
configure:4427: $? = 0
configure:4475: result: yes
configure:4478: checking for C compiler default output file name
configure:4480: result: a.out
configure:4486: checking for suffix of executables
configure:4493: gcc -o conftest  -g -O0   conftest.c  >&5
configure:4497: $? = 0
configure:4519: result: 
configure:4541: checking whether we are cross compiling
configure:4549: gcc -o conftest  -g -O0   conftest.c  >&5
configure:4553: $? = 0
configure:4560: ./conftest
configure:4564: $? = 0
configure:4552: result: no
configure:4557: checking for suffix of object files
configure:4579: gcc -c  -g -O0  conftest.c >&5
configure:4583: $? = 0
configure:4604: result: o
configure:4608: checking whether we are using the GNU C compiler
configure:4627: gcc -c  -g -O0  conftest.c >&5
configure:4627: $? = 0
configure:4636: result: yes
configure:4645: checking whether gcc accepts -g
configure:4665: gcc -c -g  conftest.c >&5
configure:4665: $? = 0
configure:4706: result: yes
configure:4723: checking for gcc option to accept ISO C89
configure:4786: gcc  -c  -g -O0  conftest.c >&5
configure:4786: $? = 0
configure:4799: result: none needed
configure:4824: checking whether gcc understands -c and -o together
configure:4846: gcc -c conftest.c -o conftest2.o
configure:4849: $? = 0
configure:4846: gcc -c conftest.c -o conftest2.o
configure:4849: $? = 0
configure:4861: result: yes
configure:4880: checking dependency style of gcc
configure:4991: result: gcc3
configure:5006: checking for gcc option to accept ISO C99
configure:5155: gcc  -c  -g -O0  conftest.c >&5
configure:5155: $? = 0
configure:5168: result: none needed
configure:5191: checking how to run the C preprocessor
configure:5222: gcc -E  conftest.c
configure:5222: $? = 0
configure:5236: gcc -E  conftest.c
conftest.c:15:10: fatal error: ac_nonexistent.h: No such file or directory
   15 | #include <ac_nonexistent.h>
      |          ^~~~~~~~~~~~~~~~~~
compilation terminated.
configure:5236: $? = 1
configure: failed program was:
| /* confdefs.h */
| #define PACKAGE_NAME "i3"
| #define PACKAGE_TARNAME "i3"
| #define PACKAGE_VERSION "4.16.1"
| #define PACKAGE_STRING "i3 4.16.1"
| #define PACKAGE_BUGREPORT "https://github.com/i3/i3/issues"
| #define PACKAGE_URL ""
| #define PACKAGE "i3"
| #define VERSION "4.16.1"
| #define I3_VERSION "4.16.1-185-g939ccc6c (2019-09-18, branch \"shape\")"
| #define MAJOR_VERSION 4
| #define MINOR_VERSION 16
| #define PATCH_VERSION 1
| /* end confdefs.h.  */
| #include <ac_nonexistent.h>
configure:5261: result: gcc -E
configure:5281: gcc -E  conftest.c
configure:5281: $? = 0
configure:5295: gcc -E  conftest.c
conftest.c:15:10: fatal error: ac_nonexistent.h: No such file or directory
   15 | #include <ac_nonexistent.h>
      |          ^~~~~~~~~~~~~~~~~~
compilation terminated.
configure:5295: $? = 1
configure: failed program was:
| /* confdefs.h */
| #define PACKAGE_NAME "i3"
| #define PACKAGE_TARNAME "i3"
| #define PACKAGE_VERSION "4.16.1"
| #define PACKAGE_STRING "i3 4.16.1"
| #define PACKAGE_BUGREPORT "https://github.com/i3/i3/issues"
| #define PACKAGE_URL ""
| #define PACKAGE "i3"
| #define VERSION "4.16.1"
| #define I3_VERSION "4.16.1-185-g939ccc6c (2019-09-18, branch \"shape\")"
| #define MAJOR_VERSION 4
| #define MINOR_VERSION 16
| #define PATCH_VERSION 1
| /* end confdefs.h.  */
| #include <ac_nonexistent.h>
configure:5324: checking for grep that handles long lines and -e
configure:5382: result: /usr/bin/grep
configure:5387: checking for egrep
configure:5449: result: /usr/bin/grep -E
configure:5454: checking for ANSI C header files
configure:5474: gcc -c  -g -O0  conftest.c >&5
configure:5474: $? = 0
configure:5547: gcc -o conftest  -g -O0   conftest.c  >&5
configure:5547: $? = 0
configure:5547: ./conftest
configure:5547: $? = 0
configure:5558: result: yes
configure:5571: checking for sys/types.h
configure:5571: gcc -c  -g -O0  conftest.c >&5
configure:5571: $? = 0
configure:5571: result: yes
configure:5571: checking for sys/stat.h
configure:5571: gcc -c  -g -O0  conftest.c >&5
configure:5571: $? = 0
configure:5571: result: yes
configure:5571: checking for stdlib.h
configure:5571: gcc -c  -g -O0  conftest.c >&5
configure:5571: $? = 0
configure:5571: result: yes
configure:5571: checking for string.h
configure:5571: gcc -c  -g -O0  conftest.c >&5
configure:5571: $? = 0
configure:5571: result: yes
configure:5571: checking for memory.h
configure:5571: gcc -c  -g -O0  conftest.c >&5
configure:5571: $? = 0
configure:5571: result: yes
configure:5571: checking for strings.h
configure:5571: gcc -c  -g -O0  conftest.c >&5
configure:5571: $? = 0
configure:5571: result: yes
configure:5571: checking for inttypes.h
configure:5571: gcc -c  -g -O0  conftest.c >&5
configure:5571: $? = 0
configure:5571: result: yes
configure:5571: checking for stdint.h
configure:5571: gcc -c  -g -O0  conftest.c >&5
configure:5571: $? = 0
configure:5571: result: yes
configure:5571: checking for unistd.h
configure:5571: gcc -c  -g -O0  conftest.c >&5
configure:5571: $? = 0
configure:5571: result: yes
configure:5584: checking minix/config.h usability
configure:5584: gcc -c  -g -O0  conftest.c >&5
conftest.c:58:10: fatal error: minix/config.h: No such file or directory
   58 | #include <minix/config.h>
      |          ^~~~~~~~~~~~~~~~
compilation terminated.
configure:5584: $? = 1
configure: failed program was:
| /* confdefs.h */
| #define PACKAGE_NAME "i3"
| #define PACKAGE_TARNAME "i3"
| #define PACKAGE_VERSION "4.16.1"
| #define PACKAGE_STRING "i3 4.16.1"
| #define PACKAGE_BUGREPORT "https://github.com/i3/i3/issues"
| #define PACKAGE_URL ""
| #define PACKAGE "i3"
| #define VERSION "4.16.1"
| #define I3_VERSION "4.16.1-185-g939ccc6c (2019-09-18, branch \"shape\")"
| #define MAJOR_VERSION 4
| #define MINOR_VERSION 16
| #define PATCH_VERSION 1
| #define STDC_HEADERS 1
| #define HAVE_SYS_TYPES_H 1
| #define HAVE_SYS_STAT_H 1
| #define HAVE_STDLIB_H 1
| #define HAVE_STRING_H 1
| #define HAVE_MEMORY_H 1
| #define HAVE_STRINGS_H 1
| #define HAVE_INTTYPES_H 1
| #define HAVE_STDINT_H 1
| #define HAVE_UNISTD_H 1
| /* end confdefs.h.  */
| #include <stdio.h>
| #ifdef HAVE_SYS_TYPES_H
| # include <sys/types.h>
| #endif
| #ifdef HAVE_SYS_STAT_H
| # include <sys/stat.h>
| #endif
| #ifdef STDC_HEADERS
| # include <stdlib.h>
| # include <stddef.h>
| #else
| # ifdef HAVE_STDLIB_H
| #  include <stdlib.h>
| # endif
| #endif
| #ifdef HAVE_STRING_H
| # if !defined STDC_HEADERS && defined HAVE_MEMORY_H
| #  include <memory.h>
| # endif
| # include <string.h>
| #endif
| #ifdef HAVE_STRINGS_H
| # include <strings.h>
| #endif
| #ifdef HAVE_INTTYPES_H
| # include <inttypes.h>
| #endif
| #ifdef HAVE_STDINT_H
| # include <stdint.h>
| #endif
| #ifdef HAVE_UNISTD_H
| # include <unistd.h>
| #endif
| #include <minix/config.h>
configure:5584: result: no
configure:5584: checking minix/config.h presence
configure:5584: gcc -E  conftest.c
conftest.c:25:10: fatal error: minix/config.h: No such file or directory
   25 | #include <minix/config.h>
      |          ^~~~~~~~~~~~~~~~
compilation terminated.
configure:5584: $? = 1
configure: failed program was:
| /* confdefs.h */
| #define PACKAGE_NAME "i3"
| #define PACKAGE_TARNAME "i3"
| #define PACKAGE_VERSION "4.16.1"
| #define PACKAGE_STRING "i3 4.16.1"
| #define PACKAGE_BUGREPORT "https://github.com/i3/i3/issues"
| #define PACKAGE_URL ""
| #define PACKAGE "i3"
| #define VERSION "4.16.1"
| #define I3_VERSION "4.16.1-185-g939ccc6c (2019-09-18, branch \"shape\")"
| #define MAJOR_VERSION 4
| #define MINOR_VERSION 16
| #define PATCH_VERSION 1
| #define STDC_HEADERS 1
| #define HAVE_SYS_TYPES_H 1
| #define HAVE_SYS_STAT_H 1
| #define HAVE_STDLIB_H 1
| #define HAVE_STRING_H 1
| #define HAVE_MEMORY_H 1
| #define HAVE_STRINGS_H 1
| #define HAVE_INTTYPES_H 1
| #define HAVE_STDINT_H 1
| #define HAVE_UNISTD_H 1
| /* end confdefs.h.  */
| #include <minix/config.h>
configure:5584: result: no
configure:5584: checking for minix/config.h
configure:5584: result: no
configure:5605: checking whether it is safe to define __EXTENSIONS__
configure:5623: gcc -c  -g -O0  conftest.c >&5
configure:5623: $? = 0
configure:5630: result: yes
configure:5646: checking for stdbool.h that conforms to C99
configure:5713: gcc -c  -g -O0  conftest.c >&5
configure:5713: $? = 0
configure:5720: result: yes
configure:5722: checking for _Bool
configure:5722: gcc -c  -g -O0  conftest.c >&5
configure:5722: $? = 0
configure:5722: gcc -c  -g -O0  conftest.c >&5
conftest.c: In function 'main':
conftest.c:66:20: error: expected expression before ')' token
   66 | if (sizeof ((_Bool)))
      |                    ^
configure:5722: $? = 1
configure: failed program was:
| /* confdefs.h */
| #define PACKAGE_NAME "i3"
| #define PACKAGE_TARNAME "i3"
| #define PACKAGE_VERSION "4.16.1"
| #define PACKAGE_STRING "i3 4.16.1"
| #define PACKAGE_BUGREPORT "https://github.com/i3/i3/issues"
| #define PACKAGE_URL ""
| #define PACKAGE "i3"
| #define VERSION "4.16.1"
| #define I3_VERSION "4.16.1-185-g939ccc6c (2019-09-18, branch \"shape\")"
| #define MAJOR_VERSION 4
| #define MINOR_VERSION 16
| #define PATCH_VERSION 1
| #define STDC_HEADERS 1
| #define HAVE_SYS_TYPES_H 1
| #define HAVE_SYS_STAT_H 1
| #define HAVE_STDLIB_H 1
| #define HAVE_STRING_H 1
| #define HAVE_MEMORY_H 1
| #define HAVE_STRINGS_H 1
| #define HAVE_INTTYPES_H 1
| #define HAVE_STDINT_H 1
| #define HAVE_UNISTD_H 1
| #define __EXTENSIONS__ 1
| #define _ALL_SOURCE 1
| #define _GNU_SOURCE 1
| #define _POSIX_PTHREAD_SEMANTICS 1
| #define _TANDEM_SOURCE 1
| /* end confdefs.h.  */
| #include <stdio.h>
| #ifdef HAVE_SYS_TYPES_H
| # include <sys/types.h>
| #endif
| #ifdef HAVE_SYS_STAT_H
| # include <sys/stat.h>
| #endif
| #ifdef STDC_HEADERS
| # include <stdlib.h>
| # include <stddef.h>
| #else
| # ifdef HAVE_STDLIB_H
| #  include <stdlib.h>
| # endif
| #endif
| #ifdef HAVE_STRING_H
| # if !defined STDC_HEADERS && defined HAVE_MEMORY_H
| #  include <memory.h>
| # endif
| # include <string.h>
| #endif
| #ifdef HAVE_STRINGS_H
| # include <strings.h>
| #endif
| #ifdef HAVE_INTTYPES_H
| # include <inttypes.h>
| #endif
| #ifdef HAVE_STDINT_H
| # include <stdint.h>
| #endif
| #ifdef HAVE_UNISTD_H
| # include <unistd.h>
| #endif
| int
| main ()
| {
| if (sizeof ((_Bool)))
| 	    return 0;
|   ;
|   return 0;
| }
configure:5722: result: yes
configure:5733: checking for mode_t
configure:5733: gcc -c  -g -O0  conftest.c >&5
configure:5733: $? = 0
configure:5733: gcc -c  -g -O0  conftest.c >&5
conftest.c: In function 'main':
conftest.c:67:21: error: expected expression before ')' token
   67 | if (sizeof ((mode_t)))
      |                     ^
configure:5733: $? = 1
configure: failed program was:
| /* confdefs.h */
| #define PACKAGE_NAME "i3"
| #define PACKAGE_TARNAME "i3"
| #define PACKAGE_VERSION "4.16.1"
| #define PACKAGE_STRING "i3 4.16.1"
| #define PACKAGE_BUGREPORT "https://github.com/i3/i3/issues"
| #define PACKAGE_URL ""
| #define PACKAGE "i3"
| #define VERSION "4.16.1"
| #define I3_VERSION "4.16.1-185-g939ccc6c (2019-09-18, branch \"shape\")"
| #define MAJOR_VERSION 4
| #define MINOR_VERSION 16
| #define PATCH_VERSION 1
| #define STDC_HEADERS 1
| #define HAVE_SYS_TYPES_H 1
| #define HAVE_SYS_STAT_H 1
| #define HAVE_STDLIB_H 1
| #define HAVE_STRING_H 1
| #define HAVE_MEMORY_H 1
| #define HAVE_STRINGS_H 1
| #define HAVE_INTTYPES_H 1
| #define HAVE_STDINT_H 1
| #define HAVE_UNISTD_H 1
| #define __EXTENSIONS__ 1
| #define _ALL_SOURCE 1
| #define _GNU_SOURCE 1
| #define _POSIX_PTHREAD_SEMANTICS 1
| #define _TANDEM_SOURCE 1
| #define HAVE__BOOL 1
| /* end confdefs.h.  */
| #include <stdio.h>
| #ifdef HAVE_SYS_TYPES_H
| # include <sys/types.h>
| #endif
| #ifdef HAVE_SYS_STAT_H
| # include <sys/stat.h>
| #endif
| #ifdef STDC_HEADERS
| # include <stdlib.h>
| # include <stddef.h>
| #else
| # ifdef HAVE_STDLIB_H
| #  include <stdlib.h>
| # endif
| #endif
| #ifdef HAVE_STRING_H
| # if !defined STDC_HEADERS && defined HAVE_MEMORY_H
| #  include <memory.h>
| # endif
| # include <string.h>
| #endif
| #ifdef HAVE_STRINGS_H
| # include <strings.h>
| #endif
| #ifdef HAVE_INTTYPES_H
| # include <inttypes.h>
| #endif
| #ifdef HAVE_STDINT_H
| # include <stdint.h>
| #endif
| #ifdef HAVE_UNISTD_H
| # include <unistd.h>
| #endif
| int
| main ()
| {
| if (sizeof ((mode_t)))
| 	    return 0;
|   ;
|   return 0;
| }
configure:5733: result: yes
configure:5747: checking for off_t
configure:5747: gcc -c  -g -O0  conftest.c >&5
configure:5747: $? = 0
configure:5747: gcc -c  -g -O0  conftest.c >&5
conftest.c: In function 'main':
conftest.c:68:20: error: expected expression before ')' token
   68 | if (sizeof ((off_t)))
      |                    ^
configure:5747: $? = 1
configure: failed program was:
| /* confdefs.h */
| #define PACKAGE_NAME "i3"
| #define PACKAGE_TARNAME "i3"
| #define PACKAGE_VERSION "4.16.1"
| #define PACKAGE_STRING "i3 4.16.1"
| #define PACKAGE_BUGREPORT "https://github.com/i3/i3/issues"
| #define PACKAGE_URL ""
| #define PACKAGE "i3"
| #define VERSION "4.16.1"
| #define I3_VERSION "4.16.1-185-g939ccc6c (2019-09-18, branch \"shape\")"
| #define MAJOR_VERSION 4
| #define MINOR_VERSION 16
| #define PATCH_VERSION 1
| #define STDC_HEADERS 1
| #define HAVE_SYS_TYPES_H 1
| #define HAVE_SYS_STAT_H 1
| #define HAVE_STDLIB_H 1
| #define HAVE_STRING_H 1
| #define HAVE_MEMORY_H 1
| #define HAVE_STRINGS_H 1
| #define HAVE_INTTYPES_H 1
| #define HAVE_STDINT_H 1
| #define HAVE_UNISTD_H 1
| #define __EXTENSIONS__ 1
| #define _ALL_SOURCE 1
| #define _GNU_SOURCE 1
| #define _POSIX_PTHREAD_SEMANTICS 1
| #define _TANDEM_SOURCE 1
| #define HAVE__BOOL 1
| #define HAVE_MODE_T 1
| /* end confdefs.h.  */
| #include <stdio.h>
| #ifdef HAVE_SYS_TYPES_H
| # include <sys/types.h>
| #endif
| #ifdef HAVE_SYS_STAT_H
| # include <sys/stat.h>
| #endif
| #ifdef STDC_HEADERS
| # include <stdlib.h>
| # include <stddef.h>
| #else
| # ifdef HAVE_STDLIB_H
| #  include <stdlib.h>
| # endif
| #endif
| #ifdef HAVE_STRING_H
| # if !defined STDC_HEADERS && defined HAVE_MEMORY_H
| #  include <memory.h>
| # endif
| # include <string.h>
| #endif
| #ifdef HAVE_STRINGS_H
| # include <strings.h>
| #endif
| #ifdef HAVE_INTTYPES_H
| # include <inttypes.h>
| #endif
| #ifdef HAVE_STDINT_H
| # include <stdint.h>
| #endif
| #ifdef HAVE_UNISTD_H
| # include <unistd.h>
| #endif
| int
| main ()
| {
| if (sizeof ((off_t)))
| 	    return 0;
|   ;
|   return 0;
| }
configure:5747: result: yes
configure:5761: checking for pid_t
configure:5761: gcc -c  -g -O0  conftest.c >&5
configure:5761: $? = 0
configure:5761: gcc -c  -g -O0  conftest.c >&5
conftest.c: In function 'main':
conftest.c:69:20: error: expected expression before ')' token
   69 | if (sizeof ((pid_t)))
      |                    ^
configure:5761: $? = 1
configure: failed program was:
| /* confdefs.h */
| #define PACKAGE_NAME "i3"
| #define PACKAGE_TARNAME "i3"
| #define PACKAGE_VERSION "4.16.1"
| #define PACKAGE_STRING "i3 4.16.1"
| #define PACKAGE_BUGREPORT "https://github.com/i3/i3/issues"
| #define PACKAGE_URL ""
| #define PACKAGE "i3"
| #define VERSION "4.16.1"
| #define I3_VERSION "4.16.1-185-g939ccc6c (2019-09-18, branch \"shape\")"
| #define MAJOR_VERSION 4
| #define MINOR_VERSION 16
| #define PATCH_VERSION 1
| #define STDC_HEADERS 1
| #define HAVE_SYS_TYPES_H 1
| #define HAVE_SYS_STAT_H 1
| #define HAVE_STDLIB_H 1
| #define HAVE_STRING_H 1
| #define HAVE_MEMORY_H 1
| #define HAVE_STRINGS_H 1
| #define HAVE_INTTYPES_H 1
| #define HAVE_STDINT_H 1
| #define HAVE_UNISTD_H 1
| #define __EXTENSIONS__ 1
| #define _ALL_SOURCE 1
| #define _GNU_SOURCE 1
| #define _POSIX_PTHREAD_SEMANTICS 1
| #define _TANDEM_SOURCE 1
| #define HAVE__BOOL 1
| #define HAVE_MODE_T 1
| #define HAVE_OFF_T 1
| /* end confdefs.h.  */
| #include <stdio.h>
| #ifdef HAVE_SYS_TYPES_H
| # include <sys/types.h>
| #endif
| #ifdef HAVE_SYS_STAT_H
| # include <sys/stat.h>
| #endif
| #ifdef STDC_HEADERS
| # include <stdlib.h>
| # include <stddef.h>
| #else
| # ifdef HAVE_STDLIB_H
| #  include <stdlib.h>
| # endif
| #endif
| #ifdef HAVE_STRING_H
| # if !defined STDC_HEADERS && defined HAVE_MEMORY_H
| #  include <memory.h>
| # endif
| # include <string.h>
| #endif
| #ifdef HAVE_STRINGS_H
| # include <strings.h>
| #endif
| #ifdef HAVE_INTTYPES_H
| # include <inttypes.h>
| #endif
| #ifdef HAVE_STDINT_H
| # include <stdint.h>
| #endif
| #ifdef HAVE_UNISTD_H
| # include <unistd.h>
| #endif
| int
| main ()
| {
| if (sizeof ((pid_t)))
| 	    return 0;
|   ;
|   return 0;
| }
configure:5761: result: yes
configure:5775: checking for size_t
configure:5775: gcc -c  -g -O0  conftest.c >&5
configure:5775: $? = 0
configure:5775: gcc -c  -g -O0  conftest.c >&5
conftest.c: In function 'main':
conftest.c:70:21: error: expected expression before ')' token
   70 | if (sizeof ((size_t)))
      |                     ^
configure:5775: $? = 1
configure: failed program was:
| /* confdefs.h */
| #define PACKAGE_NAME "i3"
| #define PACKAGE_TARNAME "i3"
| #define PACKAGE_VERSION "4.16.1"
| #define PACKAGE_STRING "i3 4.16.1"
| #define PACKAGE_BUGREPORT "https://github.com/i3/i3/issues"
| #define PACKAGE_URL ""
| #define PACKAGE "i3"
| #define VERSION "4.16.1"
| #define I3_VERSION "4.16.1-185-g939ccc6c (2019-09-18, branch \"shape\")"
| #define MAJOR_VERSION 4
| #define MINOR_VERSION 16
| #define PATCH_VERSION 1
| #define STDC_HEADERS 1
| #define HAVE_SYS_TYPES_H 1
| #define HAVE_SYS_STAT_H 1
| #define HAVE_STDLIB_H 1
| #define HAVE_STRING_H 1
| #define HAVE_MEMORY_H 1
| #define HAVE_STRINGS_H 1
| #define HAVE_INTTYPES_H 1
| #define HAVE_STDINT_H 1
| #define HAVE_UNISTD_H 1
| #define __EXTENSIONS__ 1
| #define _ALL_SOURCE 1
| #define _GNU_SOURCE 1
| #define _POSIX_PTHREAD_SEMANTICS 1
| #define _TANDEM_SOURCE 1
| #define HAVE__BOOL 1
| #define HAVE_MODE_T 1
| #define HAVE_OFF_T 1
| #define HAVE_PID_T 1
| /* end confdefs.h.  */
| #include <stdio.h>
| #ifdef HAVE_SYS_TYPES_H
| # include <sys/types.h>
| #endif
| #ifdef HAVE_SYS_STAT_H
| # include <sys/stat.h>
| #endif
| #ifdef STDC_HEADERS
| # include <stdlib.h>
| # include <stddef.h>
| #else
| # ifdef HAVE_STDLIB_H
| #  include <stdlib.h>
| # endif
| #endif
| #ifdef HAVE_STRING_H
| # if !defined STDC_HEADERS && defined HAVE_MEMORY_H
| #  include <memory.h>
| # endif
| # include <string.h>
| #endif
| #ifdef HAVE_STRINGS_H
| # include <strings.h>
| #endif
| #ifdef HAVE_INTTYPES_H
| # include <inttypes.h>
| #endif
| #ifdef HAVE_STDINT_H
| # include <stdint.h>
| #endif
| #ifdef HAVE_UNISTD_H
| # include <unistd.h>
| #endif
| int
| main ()
| {
| if (sizeof ((size_t)))
| 	    return 0;
|   ;
|   return 0;
| }
configure:5775: result: yes
configure:5789: checking for ssize_t
configure:5789: gcc -c  -g -O0  conftest.c >&5
configure:5789: $? = 0
configure:5789: gcc -c  -g -O0  conftest.c >&5
conftest.c: In function 'main':
conftest.c:71:22: error: expected expression before ')' token
   71 | if (sizeof ((ssize_t)))
      |                      ^
configure:5789: $? = 1
configure: failed program was:
| /* confdefs.h */
| #define PACKAGE_NAME "i3"
| #define PACKAGE_TARNAME "i3"
| #define PACKAGE_VERSION "4.16.1"
| #define PACKAGE_STRING "i3 4.16.1"
| #define PACKAGE_BUGREPORT "https://github.com/i3/i3/issues"
| #define PACKAGE_URL ""
| #define PACKAGE "i3"
| #define VERSION "4.16.1"
| #define I3_VERSION "4.16.1-185-g939ccc6c (2019-09-18, branch \"shape\")"
| #define MAJOR_VERSION 4
| #define MINOR_VERSION 16
| #define PATCH_VERSION 1
| #define STDC_HEADERS 1
| #define HAVE_SYS_TYPES_H 1
| #define HAVE_SYS_STAT_H 1
| #define HAVE_STDLIB_H 1
| #define HAVE_STRING_H 1
| #define HAVE_MEMORY_H 1
| #define HAVE_STRINGS_H 1
| #define HAVE_INTTYPES_H 1
| #define HAVE_STDINT_H 1
| #define HAVE_UNISTD_H 1
| #define __EXTENSIONS__ 1
| #define _ALL_SOURCE 1
| #define _GNU_SOURCE 1
| #define _POSIX_PTHREAD_SEMANTICS 1
| #define _TANDEM_SOURCE 1
| #define HAVE__BOOL 1
| #define HAVE_MODE_T 1
| #define HAVE_OFF_T 1
| #define HAVE_PID_T 1
| #define HAVE_SIZE_T 1
| /* end confdefs.h.  */
| #include <stdio.h>
| #ifdef HAVE_SYS_TYPES_H
| # include <sys/types.h>
| #endif
| #ifdef HAVE_SYS_STAT_H
| # include <sys/stat.h>
| #endif
| #ifdef STDC_HEADERS
| # include <stdlib.h>
| # include <stddef.h>
| #else
| # ifdef HAVE_STDLIB_H
| #  include <stdlib.h>
| # endif
| #endif
| #ifdef HAVE_STRING_H
| # if !defined STDC_HEADERS && defined HAVE_MEMORY_H
| #  include <memory.h>
| # endif
| # include <string.h>
| #endif
| #ifdef HAVE_STRINGS_H
| # include <strings.h>
| #endif
| #ifdef HAVE_INTTYPES_H
| # include <inttypes.h>
| #endif
| #ifdef HAVE_STDINT_H
| # include <stdint.h>
| #endif
| #ifdef HAVE_UNISTD_H
| # include <unistd.h>
| #endif
| int
| main ()
| {
| if (sizeof ((ssize_t)))
| 	    return 0;
|   ;
|   return 0;
| }
configure:5789: result: yes
configure:5806: checking for pid_t
configure:5806: result: yes
configure:5819: checking vfork.h usability
configure:5819: gcc -c  -g -O0  conftest.c >&5
conftest.c:69:10: fatal error: vfork.h: No such file or directory
   69 | #include <vfork.h>
      |          ^~~~~~~~~
compilation terminated.
configure:5819: $? = 1
configure: failed program was:
| /* confdefs.h */
| #define PACKAGE_NAME "i3"
| #define PACKAGE_TARNAME "i3"
| #define PACKAGE_VERSION "4.16.1"
| #define PACKAGE_STRING "i3 4.16.1"
| #define PACKAGE_BUGREPORT "https://github.com/i3/i3/issues"
| #define PACKAGE_URL ""
| #define PACKAGE "i3"
| #define VERSION "4.16.1"
| #define I3_VERSION "4.16.1-185-g939ccc6c (2019-09-18, branch \"shape\")"
| #define MAJOR_VERSION 4
| #define MINOR_VERSION 16
| #define PATCH_VERSION 1
| #define STDC_HEADERS 1
| #define HAVE_SYS_TYPES_H 1
| #define HAVE_SYS_STAT_H 1
| #define HAVE_STDLIB_H 1
| #define HAVE_STRING_H 1
| #define HAVE_MEMORY_H 1
| #define HAVE_STRINGS_H 1
| #define HAVE_INTTYPES_H 1
| #define HAVE_STDINT_H 1
| #define HAVE_UNISTD_H 1
| #define __EXTENSIONS__ 1
| #define _ALL_SOURCE 1
| #define _GNU_SOURCE 1
| #define _POSIX_PTHREAD_SEMANTICS 1
| #define _TANDEM_SOURCE 1
| #define HAVE__BOOL 1
| #define HAVE_MODE_T 1
| #define HAVE_OFF_T 1
| #define HAVE_PID_T 1
| #define HAVE_SIZE_T 1
| #define HAVE_SSIZE_T 1
| /* end confdefs.h.  */
| #include <stdio.h>
| #ifdef HAVE_SYS_TYPES_H
| # include <sys/types.h>
| #endif
| #ifdef HAVE_SYS_STAT_H
| # include <sys/stat.h>
| #endif
| #ifdef STDC_HEADERS
| # include <stdlib.h>
| # include <stddef.h>
| #else
| # ifdef HAVE_STDLIB_H
| #  include <stdlib.h>
| # endif
| #endif
| #ifdef HAVE_STRING_H
| # if !defined STDC_HEADERS && defined HAVE_MEMORY_H
| #  include <memory.h>
| # endif
| # include <string.h>
| #endif
| #ifdef HAVE_STRINGS_H
| # include <strings.h>
| #endif
| #ifdef HAVE_INTTYPES_H
| # include <inttypes.h>
| #endif
| #ifdef HAVE_STDINT_H
| # include <stdint.h>
| #endif
| #ifdef HAVE_UNISTD_H
| # include <unistd.h>
| #endif
| #include <vfork.h>
configure:5819: result: no
configure:5819: checking vfork.h presence
configure:5819: gcc -E  conftest.c
conftest.c:36:10: fatal error: vfork.h: No such file or directory
   36 | #include <vfork.h>
      |          ^~~~~~~~~
compilation terminated.
configure:5819: $? = 1
configure: failed program was:
| /* confdefs.h */
| #define PACKAGE_NAME "i3"
| #define PACKAGE_TARNAME "i3"
| #define PACKAGE_VERSION "4.16.1"
| #define PACKAGE_STRING "i3 4.16.1"
| #define PACKAGE_BUGREPORT "https://github.com/i3/i3/issues"
| #define PACKAGE_URL ""
| #define PACKAGE "i3"
| #define VERSION "4.16.1"
| #define I3_VERSION "4.16.1-185-g939ccc6c (2019-09-18, branch \"shape\")"
| #define MAJOR_VERSION 4
| #define MINOR_VERSION 16
| #define PATCH_VERSION 1
| #define STDC_HEADERS 1
| #define HAVE_SYS_TYPES_H 1
| #define HAVE_SYS_STAT_H 1
| #define HAVE_STDLIB_H 1
| #define HAVE_STRING_H 1
| #define HAVE_MEMORY_H 1
| #define HAVE_STRINGS_H 1
| #define HAVE_INTTYPES_H 1
| #define HAVE_STDINT_H 1
| #define HAVE_UNISTD_H 1
| #define __EXTENSIONS__ 1
| #define _ALL_SOURCE 1
| #define _GNU_SOURCE 1
| #define _POSIX_PTHREAD_SEMANTICS 1
| #define _TANDEM_SOURCE 1
| #define HAVE__BOOL 1
| #define HAVE_MODE_T 1
| #define HAVE_OFF_T 1
| #define HAVE_PID_T 1
| #define HAVE_SIZE_T 1
| #define HAVE_SSIZE_T 1
| /* end confdefs.h.  */
| #include <vfork.h>
configure:5819: result: no
configure:5819: checking for vfork.h
configure:5819: result: no
configure:5832: checking for fork
configure:5832: gcc -o conftest  -g -O0   conftest.c  >&5
conftest.c:59:6: warning: conflicting types for built-in function 'fork'; expected 'int(void)' [-Wbuiltin-declaration-mismatch]
   59 | char fork ();
      |      ^~~~
configure:5832: $? = 0
configure:5832: result: yes
configure:5832: checking for vfork
configure:5832: gcc -o conftest  -g -O0   conftest.c  >&5
configure:5832: $? = 0
configure:5832: result: yes
configure:5842: checking for working fork
configure:5864: gcc -o conftest  -g -O0   conftest.c  >&5
configure:5864: $? = 0
configure:5864: ./conftest
configure:5864: $? = 0
configure:5874: result: yes
configure:5895: checking for working vfork
configure:6005: result: yes
configure:6030: checking whether lstat correctly handles trailing slash
configure:6056: gcc -o conftest  -g -O0   conftest.c  >&5
configure:6056: $? = 0
configure:6056: ./conftest
configure:6056: $? = 0
configure:6073: result: yes
configure:6092: checking for working strnlen
configure:6130: gcc -o conftest  -g -O0   conftest.c  >&5
configure:6130: $? = 0
configure:6130: ./conftest
configure:6130: $? = 0
configure:6140: result: yes
configure:6152: checking for atexit
configure:6152: gcc -o conftest  -g -O0   conftest.c  >&5
configure:6152: $? = 0
configure:6152: result: yes
configure:6152: checking for dup2
configure:6152: gcc -o conftest  -g -O0   conftest.c  >&5
configure:6152: $? = 0
configure:6152: result: yes
configure:6152: checking for ftruncate
configure:6152: gcc -o conftest  -g -O0   conftest.c  >&5
configure:6152: $? = 0
configure:6152: result: yes
configure:6152: checking for getcwd
configure:6152: gcc -o conftest  -g -O0   conftest.c  >&5
configure:6152: $? = 0
configure:6152: result: yes
configure:6152: checking for gettimeofday
configure:6152: gcc -o conftest  -g -O0   conftest.c  >&5
configure:6152: $? = 0
configure:6152: result: yes
configure:6152: checking for localtime_r
configure:6152: gcc -o conftest  -g -O0   conftest.c  >&5
configure:6152: $? = 0
configure:6152: result: yes
configure:6152: checking for memchr
configure:6152: gcc -o conftest  -g -O0   conftest.c  >&5
conftest.c:70:6: warning: conflicting types for built-in function 'memchr'; expected 'void *(const void *, int,  long unsigned int)' [-Wbuiltin-declaration-mismatch]
   70 | char memchr ();
      |      ^~~~~~
conftest.c:58:1: note: 'memchr' is declared in header '<string.h>'
   57 | # include <limits.h>
   58 | #else
configure:6152: $? = 0
configure:6152: result: yes
configure:6152: checking for memset
configure:6152: gcc -o conftest  -g -O0   conftest.c  >&5
conftest.c:71:6: warning: conflicting types for built-in function 'memset'; expected 'void *(void *, int,  long unsigned int)' [-Wbuiltin-declaration-mismatch]
   71 | char memset ();
      |      ^~~~~~
conftest.c:59:1: note: 'memset' is declared in header '<string.h>'
   58 | # include <limits.h>
   59 | #else
configure:6152: $? = 0
configure:6152: result: yes
configure:6152: checking for mkdir
configure:6152: gcc -o conftest  -g -O0   conftest.c  >&5
configure:6152: $? = 0
configure:6152: result: yes
configure:6152: checking for rmdir
configure:6152: gcc -o conftest  -g -O0   conftest.c  >&5
configure:6152: $? = 0
configure:6152: result: yes
configure:6152: checking for setlocale
configure:6152: gcc -o conftest  -g -O0   conftest.c  >&5
configure:6152: $? = 0
configure:6152: result: yes
configure:6152: checking for socket
configure:6152: gcc -o conftest  -g -O0   conftest.c  >&5
configure:6152: $? = 0
configure:6152: result: yes
configure:6152: checking for strcasecmp
configure:6152: gcc -o conftest  -g -O0   conftest.c  >&5
conftest.c:76:6: warning: conflicting types for built-in function 'strcasecmp'; expected 'int(const char *, const char *)' [-Wbuiltin-declaration-mismatch]
   76 | char strcasecmp ();
      |      ^~~~~~~~~~
configure:6152: $? = 0
configure:6152: result: yes
configure:6152: checking for strchr
configure:6152: gcc -o conftest  -g -O0   conftest.c  >&5
conftest.c:77:6: warning: conflicting types for built-in function 'strchr'; expected 'char *(const char *, int)' [-Wbuiltin-declaration-mismatch]
   77 | char strchr ();
      |      ^~~~~~
conftest.c:65:1: note: 'strchr' is declared in header '<string.h>'
   64 | # include <limits.h>
   65 | #else
configure:6152: $? = 0
configure:6152: result: yes
configure:6152: checking for strdup
configure:6152: gcc -o conftest  -g -O0   conftest.c  >&5
conftest.c:78:6: warning: conflicting types for built-in function 'strdup'; expected 'char *(const char *)' [-Wbuiltin-declaration-mismatch]
   78 | char strdup ();
      |      ^~~~~~
configure:6152: $? = 0
configure:6152: result: yes
configure:6152: checking for strerror
configure:6152: gcc -o conftest  -g -O0   conftest.c  >&5
configure:6152: $? = 0
configure:6152: result: yes
configure:6152: checking for strncasecmp
configure:6152: gcc -o conftest  -g -O0   conftest.c  >&5
conftest.c:80:6: warning: conflicting types for built-in function 'strncasecmp'; expected 'int(const char *, const char *, long unsigned int)' [-Wbuiltin-declaration-mismatch]
   80 | char strncasecmp ();
      |      ^~~~~~~~~~~
configure:6152: $? = 0
configure:6152: result: yes
configure:6152: checking for strndup
configure:6152: gcc -o conftest  -g -O0   conftest.c  >&5
conftest.c:81:6: warning: conflicting types for built-in function 'strndup'; expected 'char *(const char *, long unsigned int)' [-Wbuiltin-declaration-mismatch]
   81 | char strndup ();
      |      ^~~~~~~
configure:6152: $? = 0
configure:6152: result: yes
configure:6152: checking for strrchr
configure:6152: gcc -o conftest  -g -O0   conftest.c  >&5
conftest.c:82:6: warning: conflicting types for built-in function 'strrchr'; expected 'char *(const char *, int)' [-Wbuiltin-declaration-mismatch]
   82 | char strrchr ();
      |      ^~~~~~~
conftest.c:70:1: note: 'strrchr' is declared in header '<string.h>'
   69 | # include <limits.h>
   70 | #else
configure:6152: $? = 0
configure:6152: result: yes
configure:6152: checking for strspn
configure:6152: gcc -o conftest  -g -O0   conftest.c  >&5
conftest.c:83:6: warning: conflicting types for built-in function 'strspn'; expected 'long unsigned int(const char *, const char *)' [-Wbuiltin-declaration-mismatch]
   83 | char strspn ();
      |      ^~~~~~
conftest.c:71:1: note: 'strspn' is declared in header '<string.h>'
   70 | # include <limits.h>
   71 | #else
configure:6152: $? = 0
configure:6152: result: yes
configure:6152: checking for strstr
configure:6152: gcc -o conftest  -g -O0   conftest.c  >&5
conftest.c:84:6: warning: conflicting types for built-in function 'strstr'; expected 'char *(const char *, const char *)' [-Wbuiltin-declaration-mismatch]
   84 | char strstr ();
      |      ^~~~~~
conftest.c:72:1: note: 'strstr' is declared in header '<string.h>'
   71 | # include <limits.h>
   72 | #else
configure:6152: $? = 0
configure:6152: result: yes
configure:6152: checking for strtol
configure:6152: gcc -o conftest  -g -O0   conftest.c  >&5
configure:6152: $? = 0
configure:6152: result: yes
configure:6152: checking for strtoul
configure:6152: gcc -o conftest  -g -O0   conftest.c  >&5
configure:6152: $? = 0
configure:6152: result: yes
configure:6169: checking for library containing floor
configure:6200: gcc -o conftest  -g -O0   conftest.c  >&5
conftest.c:71:6: warning: conflicting types for built-in function 'floor'; expected 'double(double)' [-Wbuiltin-declaration-mismatch]
   71 | char floor ();
      |      ^~~~~
conftest.c:1:1: note: 'floor' is declared in header '<math.h>'
    1 | /* confdefs.h */
/usr/bin/ld: /tmp/cc8wVDjv.o: in function `main':
/home/james/src/i3-radius/build/conftest.c:75: undefined reference to `floor'
collect2: error: ld returned 1 exit status
configure:6200: $? = 1
configure: failed program was:
| /* confdefs.h */
| #define PACKAGE_NAME "i3"
| #define PACKAGE_TARNAME "i3"
| #define PACKAGE_VERSION "4.16.1"
| #define PACKAGE_STRING "i3 4.16.1"
| #define PACKAGE_BUGREPORT "https://github.com/i3/i3/issues"
| #define PACKAGE_URL ""
| #define PACKAGE "i3"
| #define VERSION "4.16.1"
| #define I3_VERSION "4.16.1-185-g939ccc6c (2019-09-18, branch \"shape\")"
| #define MAJOR_VERSION 4
| #define MINOR_VERSION 16
| #define PATCH_VERSION 1
| #define STDC_HEADERS 1
| #define HAVE_SYS_TYPES_H 1
| #define HAVE_SYS_STAT_H 1
| #define HAVE_STDLIB_H 1
| #define HAVE_STRING_H 1
| #define HAVE_MEMORY_H 1
| #define HAVE_STRINGS_H 1
| #define HAVE_INTTYPES_H 1
| #define HAVE_STDINT_H 1
| #define HAVE_UNISTD_H 1
| #define __EXTENSIONS__ 1
| #define _ALL_SOURCE 1
| #define _GNU_SOURCE 1
| #define _POSIX_PTHREAD_SEMANTICS 1
| #define _TANDEM_SOURCE 1
| #define HAVE__BOOL 1
| #define HAVE_MODE_T 1
| #define HAVE_OFF_T 1
| #define HAVE_PID_T 1
| #define HAVE_SIZE_T 1
| #define HAVE_SSIZE_T 1
| #define HAVE_FORK 1
| #define HAVE_VFORK 1
| #define HAVE_WORKING_VFORK 1
| #define HAVE_WORKING_FORK 1
| #define LSTAT_FOLLOWS_SLASHED_SYMLINK 1
| #define HAVE_ATEXIT 1
| #define HAVE_DUP2 1
| #define HAVE_FTRUNCATE 1
| #define HAVE_GETCWD 1
| #define HAVE_GETTIMEOFDAY 1
| #define HAVE_LOCALTIME_R 1
| #define HAVE_MEMCHR 1
| #define HAVE_MEMSET 1
| #define HAVE_MKDIR 1
| #define HAVE_RMDIR 1
| #define HAVE_SETLOCALE 1
| #define HAVE_SOCKET 1
| #define HAVE_STRCASECMP 1
| #define HAVE_STRCHR 1
| #define HAVE_STRDUP 1
| #define HAVE_STRERROR 1
| #define HAVE_STRNCASECMP 1
| #define HAVE_STRNDUP 1
| #define HAVE_STRRCHR 1
| #define HAVE_STRSPN 1
| #define HAVE_STRSTR 1
| #define HAVE_STRTOL 1
| #define HAVE_STRTOUL 1
| /* end confdefs.h.  */
| 
| /* Override any GCC internal prototype to avoid an error.
|    Use char because int might match the return type of a GCC
|    builtin and then its argument prototype would still apply.  */
| #ifdef __cplusplus
| extern "C"
| #endif
| char floor ();
| int
| main ()
| {
| return floor ();
|   ;
|   return 0;
| }
configure:6200: gcc -o conftest  -g -O0   conftest.c -lm   >&5
conftest.c:71:6: warning: conflicting types for built-in function 'floor'; expected 'double(double)' [-Wbuiltin-declaration-mismatch]
   71 | char floor ();
      |      ^~~~~
conftest.c:1:1: note: 'floor' is declared in header '<math.h>'
    1 | /* confdefs.h */
configure:6200: $? = 0
configure:6217: result: -lm
configure:6232: checking for library containing ev_run
configure:6263: gcc -o conftest  -g -O0   conftest.c -lm  >&5
/usr/bin/ld: /tmp/ccIemxrw.o: in function `main':
/home/james/src/i3-radius/build/conftest.c:75: undefined reference to `ev_run'
collect2: error: ld returned 1 exit status
configure:6263: $? = 1
configure: failed program was:
| /* confdefs.h */
| #define PACKAGE_NAME "i3"
| #define PACKAGE_TARNAME "i3"
| #define PACKAGE_VERSION "4.16.1"
| #define PACKAGE_STRING "i3 4.16.1"
| #define PACKAGE_BUGREPORT "https://github.com/i3/i3/issues"
| #define PACKAGE_URL ""
| #define PACKAGE "i3"
| #define VERSION "4.16.1"
| #define I3_VERSION "4.16.1-185-g939ccc6c (2019-09-18, branch \"shape\")"
| #define MAJOR_VERSION 4
| #define MINOR_VERSION 16
| #define PATCH_VERSION 1
| #define STDC_HEADERS 1
| #define HAVE_SYS_TYPES_H 1
| #define HAVE_SYS_STAT_H 1
| #define HAVE_STDLIB_H 1
| #define HAVE_STRING_H 1
| #define HAVE_MEMORY_H 1
| #define HAVE_STRINGS_H 1
| #define HAVE_INTTYPES_H 1
| #define HAVE_STDINT_H 1
| #define HAVE_UNISTD_H 1
| #define __EXTENSIONS__ 1
| #define _ALL_SOURCE 1
| #define _GNU_SOURCE 1
| #define _POSIX_PTHREAD_SEMANTICS 1
| #define _TANDEM_SOURCE 1
| #define HAVE__BOOL 1
| #define HAVE_MODE_T 1
| #define HAVE_OFF_T 1
| #define HAVE_PID_T 1
| #define HAVE_SIZE_T 1
| #define HAVE_SSIZE_T 1
| #define HAVE_FORK 1
| #define HAVE_VFORK 1
| #define HAVE_WORKING_VFORK 1
| #define HAVE_WORKING_FORK 1
| #define LSTAT_FOLLOWS_SLASHED_SYMLINK 1
| #define HAVE_ATEXIT 1
| #define HAVE_DUP2 1
| #define HAVE_FTRUNCATE 1
| #define HAVE_GETCWD 1
| #define HAVE_GETTIMEOFDAY 1
| #define HAVE_LOCALTIME_R 1
| #define HAVE_MEMCHR 1
| #define HAVE_MEMSET 1
| #define HAVE_MKDIR 1
| #define HAVE_RMDIR 1
| #define HAVE_SETLOCALE 1
| #define HAVE_SOCKET 1
| #define HAVE_STRCASECMP 1
| #define HAVE_STRCHR 1
| #define HAVE_STRDUP 1
| #define HAVE_STRERROR 1
| #define HAVE_STRNCASECMP 1
| #define HAVE_STRNDUP 1
| #define HAVE_STRRCHR 1
| #define HAVE_STRSPN 1
| #define HAVE_STRSTR 1
| #define HAVE_STRTOL 1
| #define HAVE_STRTOUL 1
| /* end confdefs.h.  */
| 
| /* Override any GCC internal prototype to avoid an error.
|    Use char because int might match the return type of a GCC
|    builtin and then its argument prototype would still apply.  */
| #ifdef __cplusplus
| extern "C"
| #endif
| char ev_run ();
| int
| main ()
| {
| return ev_run ();
|   ;
|   return 0;
| }
configure:6263: gcc -o conftest  -g -O0   conftest.c -lev  -lm  >&5
configure:6263: $? = 0
configure:6280: result: -lev
configure:6294: checking for library containing shm_open
configure:6325: gcc -o conftest  -g -O0   conftest.c -lev -lm  >&5
/usr/bin/ld: /tmp/cc9OwSGl.o: in function `main':
/home/james/src/i3-radius/build/conftest.c:75: undefined reference to `shm_open'
collect2: error: ld returned 1 exit status
configure:6325: $? = 1
configure: failed program was:
| /* confdefs.h */
| #define PACKAGE_NAME "i3"
| #define PACKAGE_TARNAME "i3"
| #define PACKAGE_VERSION "4.16.1"
| #define PACKAGE_STRING "i3 4.16.1"
| #define PACKAGE_BUGREPORT "https://github.com/i3/i3/issues"
| #define PACKAGE_URL ""
| #define PACKAGE "i3"
| #define VERSION "4.16.1"
| #define I3_VERSION "4.16.1-185-g939ccc6c (2019-09-18, branch \"shape\")"
| #define MAJOR_VERSION 4
| #define MINOR_VERSION 16
| #define PATCH_VERSION 1
| #define STDC_HEADERS 1
| #define HAVE_SYS_TYPES_H 1
| #define HAVE_SYS_STAT_H 1
| #define HAVE_STDLIB_H 1
| #define HAVE_STRING_H 1
| #define HAVE_MEMORY_H 1
| #define HAVE_STRINGS_H 1
| #define HAVE_INTTYPES_H 1
| #define HAVE_STDINT_H 1
| #define HAVE_UNISTD_H 1
| #define __EXTENSIONS__ 1
| #define _ALL_SOURCE 1
| #define _GNU_SOURCE 1
| #define _POSIX_PTHREAD_SEMANTICS 1
| #define _TANDEM_SOURCE 1
| #define HAVE__BOOL 1
| #define HAVE_MODE_T 1
| #define HAVE_OFF_T 1
| #define HAVE_PID_T 1
| #define HAVE_SIZE_T 1
| #define HAVE_SSIZE_T 1
| #define HAVE_FORK 1
| #define HAVE_VFORK 1
| #define HAVE_WORKING_VFORK 1
| #define HAVE_WORKING_FORK 1
| #define LSTAT_FOLLOWS_SLASHED_SYMLINK 1
| #define HAVE_ATEXIT 1
| #define HAVE_DUP2 1
| #define HAVE_FTRUNCATE 1
| #define HAVE_GETCWD 1
| #define HAVE_GETTIMEOFDAY 1
| #define HAVE_LOCALTIME_R 1
| #define HAVE_MEMCHR 1
| #define HAVE_MEMSET 1
| #define HAVE_MKDIR 1
| #define HAVE_RMDIR 1
| #define HAVE_SETLOCALE 1
| #define HAVE_SOCKET 1
| #define HAVE_STRCASECMP 1
| #define HAVE_STRCHR 1
| #define HAVE_STRDUP 1
| #define HAVE_STRERROR 1
| #define HAVE_STRNCASECMP 1
| #define HAVE_STRNDUP 1
| #define HAVE_STRRCHR 1
| #define HAVE_STRSPN 1
| #define HAVE_STRSTR 1
| #define HAVE_STRTOL 1
| #define HAVE_STRTOUL 1
| /* end confdefs.h.  */
| 
| /* Override any GCC internal prototype to avoid an error.
|    Use char because int might match the return type of a GCC
|    builtin and then its argument prototype would still apply.  */
| #ifdef __cplusplus
| extern "C"
| #endif
| char shm_open ();
| int
| main ()
| {
| return shm_open ();
|   ;
|   return 0;
| }
configure:6325: gcc -o conftest  -g -O0   conftest.c -lrt -pthread -lev -lm  >&5
configure:6325: $? = 0
configure:6342: result: -lrt
configure:6351: checking for library containing iconv_open
configure:6382: gcc -o conftest  -g -O0   conftest.c -lrt -lev -lm  >&5
configure:6382: $? = 0
configure:6399: result: none required
configure:6653: checking whether gcc is Clang
configure:6678: result: no
configure:6801: checking whether pthreads work with -pthread
configure:6895: gcc -o conftest  -g -O0 -pthread   conftest.c  -lrt -lev -lm  >&5
configure:6895: $? = 0
configure:6904: result: yes
configure:6923: checking for joinable pthread attribute
configure:6941: gcc -o conftest  -g -O0 -pthread   conftest.c  -lrt -lev -lm  >&5
configure:6941: $? = 0
configure:6949: result: PTHREAD_CREATE_JOINABLE
configure:6963: checking whether more special flags are required for pthreads
configure:6976: result: no
configure:6984: checking for PTHREAD_PRIO_INHERIT
configure:7000: gcc -o conftest  -g -O0 -pthread   conftest.c  -lrt -lev -lm  >&5
configure:7000: $? = 0
configure:7009: result: yes
configure:7166: checking for pkg-config
configure:7184: found /usr/bin/pkg-config
configure:7196: result: /usr/bin/pkg-config
configure:7221: checking pkg-config is at least version 0.9.0
configure:7224: result: yes
configure:7234: checking for LIBSN
configure:7241: $PKG_CONFIG --exists --print-errors "libstartup-notification-1.0"
configure:7244: $? = 0
configure:7258: $PKG_CONFIG --exists --print-errors "libstartup-notification-1.0"
configure:7261: $? = 0
configure:7319: result: yes
configure:7325: checking for XCB
configure:7332: $PKG_CONFIG --exists --print-errors "xcb xcb-xkb xcb-xinerama xcb-randr xcb-shape"
configure:7335: $? = 0
configure:7349: $PKG_CONFIG --exists --print-errors "xcb xcb-xkb xcb-xinerama xcb-randr xcb-shape"
configure:7352: $? = 0
configure:7410: result: yes
configure:7416: checking for XCB_UTIL
configure:7423: $PKG_CONFIG --exists --print-errors "xcb-event xcb-util"
configure:7426: $? = 0
configure:7440: $PKG_CONFIG --exists --print-errors "xcb-event xcb-util"
configure:7443: $? = 0
configure:7501: result: yes
configure:7507: checking for XCB_UTIL_CURSOR
configure:7514: $PKG_CONFIG --exists --print-errors "xcb-cursor"
configure:7517: $? = 0
configure:7531: $PKG_CONFIG --exists --print-errors "xcb-cursor"
configure:7534: $? = 0
configure:7592: result: yes
configure:7598: checking for XCB_UTIL_KEYSYMS
configure:7605: $PKG_CONFIG --exists --print-errors "xcb-keysyms"
configure:7608: $? = 0
configure:7622: $PKG_CONFIG --exists --print-errors "xcb-keysyms"
configure:7625: $? = 0
configure:7683: result: yes
configure:7689: checking for XCB_UTIL_WM
configure:7696: $PKG_CONFIG --exists --print-errors "xcb-icccm"
configure:7699: $? = 0
configure:7713: $PKG_CONFIG --exists --print-errors "xcb-icccm"
configure:7716: $? = 0
configure:7774: result: yes
configure:7780: checking for XCB_UTIL_XRM
configure:7787: $PKG_CONFIG --exists --print-errors "xcb-xrm"
configure:7790: $? = 0
configure:7804: $PKG_CONFIG --exists --print-errors "xcb-xrm"
configure:7807: $? = 0
configure:7865: result: yes
configure:7871: checking for XKBCOMMON
configure:7878: $PKG_CONFIG --exists --print-errors "xkbcommon xkbcommon-x11"
configure:7881: $? = 0
configure:7895: $PKG_CONFIG --exists --print-errors "xkbcommon xkbcommon-x11"
configure:7898: $? = 0
configure:7956: result: yes
configure:7962: checking for YAJL
configure:7969: $PKG_CONFIG --exists --print-errors "yajl"
configure:7972: $? = 0
configure:7986: $PKG_CONFIG --exists --print-errors "yajl"
configure:7989: $? = 0
configure:8047: result: yes
configure:8053: checking for LIBPCRE
configure:8060: $PKG_CONFIG --exists --print-errors "libpcre >= 8.10"
configure:8063: $? = 0
configure:8077: $PKG_CONFIG --exists --print-errors "libpcre >= 8.10"
configure:8080: $? = 0
configure:8138: result: yes
configure:8144: checking for PANGOCAIRO
configure:8151: $PKG_CONFIG --exists --print-errors "cairo >= 1.14.4 pangocairo"
configure:8154: $? = 0
configure:8168: $PKG_CONFIG --exists --print-errors "cairo >= 1.14.4 pangocairo"
configure:8171: $? = 0
configure:8229: result: yes
configure:8235: checking for GLIBGOBJECT
configure:8242: $PKG_CONFIG --exists --print-errors "glib-2.0 gobject-2.0"
configure:8245: $? = 0
configure:8259: $PKG_CONFIG --exists --print-errors "glib-2.0 gobject-2.0"
configure:8262: $? = 0
configure:8320: result: yes
configure:8330: checking for gawk
configure:8357: result: mawk
configure:8373: checking how to run the C preprocessor
configure:8443: result: gcc -E
configure:8463: gcc -E  conftest.c
configure:8463: $? = 0
configure:8477: gcc -E  conftest.c
conftest.c:66:10: fatal error: ac_nonexistent.h: No such file or directory
   66 | #include <ac_nonexistent.h>
      |          ^~~~~~~~~~~~~~~~~~
compilation terminated.
configure:8477: $? = 1
configure: failed program was:
| /* confdefs.h */
| #define PACKAGE_NAME "i3"
| #define PACKAGE_TARNAME "i3"
| #define PACKAGE_VERSION "4.16.1"
| #define PACKAGE_STRING "i3 4.16.1"
| #define PACKAGE_BUGREPORT "https://github.com/i3/i3/issues"
| #define PACKAGE_URL ""
| #define PACKAGE "i3"
| #define VERSION "4.16.1"
| #define I3_VERSION "4.16.1-185-g939ccc6c (2019-09-18, branch \"shape\")"
| #define MAJOR_VERSION 4
| #define MINOR_VERSION 16
| #define PATCH_VERSION 1
| #define STDC_HEADERS 1
| #define HAVE_SYS_TYPES_H 1
| #define HAVE_SYS_STAT_H 1
| #define HAVE_STDLIB_H 1
| #define HAVE_STRING_H 1
| #define HAVE_MEMORY_H 1
| #define HAVE_STRINGS_H 1
| #define HAVE_INTTYPES_H 1
| #define HAVE_STDINT_H 1
| #define HAVE_UNISTD_H 1
| #define __EXTENSIONS__ 1
| #define _ALL_SOURCE 1
| #define _GNU_SOURCE 1
| #define _POSIX_PTHREAD_SEMANTICS 1
| #define _TANDEM_SOURCE 1
| #define HAVE__BOOL 1
| #define HAVE_MODE_T 1
| #define HAVE_OFF_T 1
| #define HAVE_PID_T 1
| #define HAVE_SIZE_T 1
| #define HAVE_SSIZE_T 1
| #define HAVE_FORK 1
| #define HAVE_VFORK 1
| #define HAVE_WORKING_VFORK 1
| #define HAVE_WORKING_FORK 1
| #define LSTAT_FOLLOWS_SLASHED_SYMLINK 1
| #define HAVE_ATEXIT 1
| #define HAVE_DUP2 1
| #define HAVE_FTRUNCATE 1
| #define HAVE_GETCWD 1
| #define HAVE_GETTIMEOFDAY 1
| #define HAVE_LOCALTIME_R 1
| #define HAVE_MEMCHR 1
| #define HAVE_MEMSET 1
| #define HAVE_MKDIR 1
| #define HAVE_RMDIR 1
| #define HAVE_SETLOCALE 1
| #define HAVE_SOCKET 1
| #define HAVE_STRCASECMP 1
| #define HAVE_STRCHR 1
| #define HAVE_STRDUP 1
| #define HAVE_STRERROR 1
| #define HAVE_STRNCASECMP 1
| #define HAVE_STRNDUP 1
| #define HAVE_STRRCHR 1
| #define HAVE_STRSPN 1
| #define HAVE_STRSTR 1
| #define HAVE_STRTOL 1
| #define HAVE_STRTOUL 1
| #define HAVE_PTHREAD_PRIO_INHERIT 1
| #define HAVE_PTHREAD 1
| /* end confdefs.h.  */
| #include <ac_nonexistent.h>
configure:8506: checking whether make sets $(MAKE)
configure:8528: result: yes
configure:8580: checking for ranlib
configure:8596: found /usr/bin/ranlib
configure:8607: result: ranlib
configure:8629: checking whether ln -s works
configure:8633: result: yes
configure:8659: checking for asciidoc
configure:8692: result: no
configure:8703: checking for xmlto
configure:8736: result: no
configure:8743: checking for pod2man
configure:8761: found /usr/bin/pod2man
configure:8773: result: /usr/bin/pod2man
configure:8849: checking for ar
configure:8865: found /usr/bin/ar
configure:8876: result: ar
configure:8902: checking the archiver (ar) interface
configure:8918: gcc -c  -g -O0  conftest.c >&5
configure:8918: $? = 0
configure:8920: ar cru libconftest.a conftest.o >&5
ar: `u' modifier ignored since `D' is the default (see `U')
configure:8923: $? = 0
configure:8922: result: ar
configure:8943: checking CFLAGS for maximum warnings
configure:8963: gcc -c  -g -O0 -warn all  -warn all  conftest.c >&5
gcc: error: all: No such file or directory
gcc: error: all: No such file or directory
gcc: error: unrecognized command line option '-warn'; did you mean '--warn-'?
gcc: error: unrecognized command line option '-warn'; did you mean '--warn-'?
configure:8963: $? = 1
configure: failed program was:
| /* confdefs.h */
| #define PACKAGE_NAME "i3"
| #define PACKAGE_TARNAME "i3"
| #define PACKAGE_VERSION "4.16.1"
| #define PACKAGE_STRING "i3 4.16.1"
| #define PACKAGE_BUGREPORT "https://github.com/i3/i3/issues"
| #define PACKAGE_URL ""
| #define PACKAGE "i3"
| #define VERSION "4.16.1"
| #define I3_VERSION "4.16.1-185-g939ccc6c (2019-09-18, branch \"shape\")"
| #define MAJOR_VERSION 4
| #define MINOR_VERSION 16
| #define PATCH_VERSION 1
| #define STDC_HEADERS 1
| #define HAVE_SYS_TYPES_H 1
| #define HAVE_SYS_STAT_H 1
| #define HAVE_STDLIB_H 1
| #define HAVE_STRING_H 1
| #define HAVE_MEMORY_H 1
| #define HAVE_STRINGS_H 1
| #define HAVE_INTTYPES_H 1
| #define HAVE_STDINT_H 1
| #define HAVE_UNISTD_H 1
| #define __EXTENSIONS__ 1
| #define _ALL_SOURCE 1
| #define _GNU_SOURCE 1
| #define _POSIX_PTHREAD_SEMANTICS 1
| #define _TANDEM_SOURCE 1
| #define HAVE__BOOL 1
| #define HAVE_MODE_T 1
| #define HAVE_OFF_T 1
| #define HAVE_PID_T 1
| #define HAVE_SIZE_T 1
| #define HAVE_SSIZE_T 1
| #define HAVE_FORK 1
| #define HAVE_VFORK 1
| #define HAVE_WORKING_VFORK 1
| #define HAVE_WORKING_FORK 1
| #define LSTAT_FOLLOWS_SLASHED_SYMLINK 1
| #define HAVE_ATEXIT 1
| #define HAVE_DUP2 1
| #define HAVE_FTRUNCATE 1
| #define HAVE_GETCWD 1
| #define HAVE_GETTIMEOFDAY 1
| #define HAVE_LOCALTIME_R 1
| #define HAVE_MEMCHR 1
| #define HAVE_MEMSET 1
| #define HAVE_MKDIR 1
| #define HAVE_RMDIR 1
| #define HAVE_SETLOCALE 1
| #define HAVE_SOCKET 1
| #define HAVE_STRCASECMP 1
| #define HAVE_STRCHR 1
| #define HAVE_STRDUP 1
| #define HAVE_STRERROR 1
| #define HAVE_STRNCASECMP 1
| #define HAVE_STRNDUP 1
| #define HAVE_STRRCHR 1
| #define HAVE_STRSPN 1
| #define HAVE_STRSTR 1
| #define HAVE_STRTOL 1
| #define HAVE_STRTOUL 1
| #define HAVE_PTHREAD_PRIO_INHERIT 1
| #define HAVE_PTHREAD 1
| /* end confdefs.h.  */
| 
| int
| main ()
| {
| 
|   ;
|   return 0;
| }
configure:8963: gcc -c  -g -O0 -pedantic  -Wall  conftest.c >&5
configure:8963: $? = 0
configure:8971: result: -Wall
configure:8991: : CFLAGS="$CFLAGS"
configure:8994: $? = 0
configure:9012: checking whether C compiler accepts -Wunused-value
configure:9031: gcc -c  -g -O0 -Wall  -Wunused-value  conftest.c >&5
configure:9031: $? = 0
configure:9039: result: yes
configure:9066: : AM_CFLAGS="$AM_CFLAGS"
configure:9069: $? = 0
configure:9075: checking fcntl.h usability
configure:9075: gcc -c  -g -O0 -Wall  conftest.c >&5
configure:9075: $? = 0
configure:9075: result: yes
configure:9075: checking fcntl.h presence
configure:9075: gcc -E  conftest.c
configure:9075: $? = 0
configure:9075: result: yes
configure:9075: checking for fcntl.h
configure:9075: result: yes
configure:9075: checking float.h usability
configure:9075: gcc -c  -g -O0 -Wall  conftest.c >&5
configure:9075: $? = 0
configure:9075: result: yes
configure:9075: checking float.h presence
configure:9075: gcc -E  conftest.c
configure:9075: $? = 0
configure:9075: result: yes
configure:9075: checking for float.h
configure:9075: result: yes
configure:9075: checking for inttypes.h
configure:9075: result: yes
configure:9075: checking limits.h usability
configure:9075: gcc -c  -g -O0 -Wall  conftest.c >&5
configure:9075: $? = 0
configure:9075: result: yes
configure:9075: checking limits.h presence
configure:9075: gcc -E  conftest.c
configure:9075: $? = 0
configure:9075: result: yes
configure:9075: checking for limits.h
configure:9075: result: yes
configure:9075: checking locale.h usability
configure:9075: gcc -c  -g -O0 -Wall  conftest.c >&5
configure:9075: $? = 0
configure:9075: result: yes
configure:9075: checking locale.h presence
configure:9075: gcc -E  conftest.c
configure:9075: $? = 0
configure:9075: result: yes
configure:9075: checking for locale.h
configure:9075: result: yes
configure:9075: checking netinet/in.h usability
configure:9075: gcc -c  -g -O0 -Wall  conftest.c >&5
configure:9075: $? = 0
configure:9075: result: yes
configure:9075: checking netinet/in.h presence
configure:9075: gcc -E  conftest.c
configure:9075: $? = 0
configure:9075: result: yes
configure:9075: checking for netinet/in.h
configure:9075: result: yes
configure:9075: checking paths.h usability
configure:9075: gcc -c  -g -O0 -Wall  conftest.c >&5
configure:9075: $? = 0
configure:9075: result: yes
configure:9075: checking paths.h presence
configure:9075: gcc -E  conftest.c
configure:9075: $? = 0
configure:9075: result: yes
configure:9075: checking for paths.h
configure:9075: result: yes
configure:9075: checking stddef.h usability
configure:9075: gcc -c  -g -O0 -Wall  conftest.c >&5
configure:9075: $? = 0
configure:9075: result: yes
configure:9075: checking stddef.h presence
configure:9075: gcc -E  conftest.c
configure:9075: $? = 0
configure:9075: result: yes
configure:9075: checking for stddef.h
configure:9075: result: yes
configure:9075: checking for stdint.h
configure:9075: result: yes
configure:9075: checking for stdlib.h
configure:9075: result: yes
configure:9075: checking for string.h
configure:9075: result: yes
configure:9075: checking sys/param.h usability
configure:9075: gcc -c  -g -O0 -Wall  conftest.c >&5
configure:9075: $? = 0
configure:9075: result: yes
configure:9075: checking sys/param.h presence
configure:9075: gcc -E  conftest.c
configure:9075: $? = 0
configure:9075: result: yes
configure:9075: checking for sys/param.h
configure:9075: result: yes
configure:9075: checking sys/socket.h usability
configure:9075: gcc -c  -g -O0 -Wall  conftest.c >&5
configure:9075: $? = 0
configure:9075: result: yes
configure:9075: checking sys/socket.h presence
configure:9075: gcc -E  conftest.c
configure:9075: $? = 0
configure:9075: result: yes
configure:9075: checking for sys/socket.h
configure:9075: result: yes
configure:9075: checking sys/time.h usability
configure:9075: gcc -c  -g -O0 -Wall  conftest.c >&5
configure:9075: $? = 0
configure:9075: result: yes
configure:9075: checking sys/time.h presence
configure:9075: gcc -E  conftest.c
configure:9075: $? = 0
configure:9075: result: yes
configure:9075: checking for sys/time.h
configure:9075: result: yes
configure:9075: checking for unistd.h
configure:9075: result: yes
configure:9931: checking that generated files are newer than configure
configure:9937: result: done
configure:9976: creating ./config.status

## ---------------------- ##
## Running config.status. ##
## ---------------------- ##

This file was extended by i3 config.status 4.16.1, which was
generated by GNU Autoconf 2.69.  Invocation command line was

  CONFIG_FILES    = 
  CONFIG_HEADERS  = 
  CONFIG_LINKS    = 
  CONFIG_COMMANDS = 
  $ ./config.status 

on pop-os

config.status:1117: creating Makefile
config.status:1117: creating testcases/lib/i3test.pm
config.status:1117: creating man/asciidoc.conf
config.status:1117: creating testcases/complete-run.pl
config.status:1117: creating config.h
config.status:1331: executing buildir commands
config.status:1344: skipping top_srcdir/Makefile - not created
config.status:1331: executing depfiles commands
config.status:1552: cd .       && sed -e '/# am--include-marker/d' Makefile         | make -f - am--depfiles
config.status:1557: $? = 0

## ---------------- ##
## Cache variables. ##
## ---------------- ##

_cv_gnu_make_command=make
ac_cv_build=x86_64-pc-linux-gnu
ac_cv_c_compiler_gnu=yes
ac_cv_cflags_warn_all=-Wall
ac_cv_env_CC_set=
ac_cv_env_CC_value=
ac_cv_env_CFLAGS_set=
ac_cv_env_CFLAGS_value=
ac_cv_env_CPPFLAGS_set=
ac_cv_env_CPPFLAGS_value=
ac_cv_env_CPP_set=
ac_cv_env_CPP_value=
ac_cv_env_GLIBGOBJECT_CFLAGS_set=
ac_cv_env_GLIBGOBJECT_CFLAGS_value=
ac_cv_env_GLIBGOBJECT_LIBS_set=
ac_cv_env_GLIBGOBJECT_LIBS_value=
ac_cv_env_LDFLAGS_set=
ac_cv_env_LDFLAGS_value=
ac_cv_env_LIBPCRE_CFLAGS_set=
ac_cv_env_LIBPCRE_CFLAGS_value=
ac_cv_env_LIBPCRE_LIBS_set=
ac_cv_env_LIBPCRE_LIBS_value=
ac_cv_env_LIBSN_CFLAGS_set=
ac_cv_env_LIBSN_CFLAGS_value=
ac_cv_env_LIBSN_LIBS_set=
ac_cv_env_LIBSN_LIBS_value=
ac_cv_env_LIBS_set=
ac_cv_env_LIBS_value=
ac_cv_env_PANGOCAIRO_CFLAGS_set=
ac_cv_env_PANGOCAIRO_CFLAGS_value=
ac_cv_env_PANGOCAIRO_LIBS_set=
ac_cv_env_PANGOCAIRO_LIBS_value=
ac_cv_env_PKG_CONFIG_LIBDIR_set=
ac_cv_env_PKG_CONFIG_LIBDIR_value=
ac_cv_env_PKG_CONFIG_PATH_set=
ac_cv_env_PKG_CONFIG_PATH_value=
ac_cv_env_PKG_CONFIG_set=
ac_cv_env_PKG_CONFIG_value=
ac_cv_env_XCB_CFLAGS_set=
ac_cv_env_XCB_CFLAGS_value=
ac_cv_env_XCB_LIBS_set=
ac_cv_env_XCB_LIBS_value=
ac_cv_env_XCB_UTIL_CFLAGS_set=
ac_cv_env_XCB_UTIL_CFLAGS_value=
ac_cv_env_XCB_UTIL_CURSOR_CFLAGS_set=
ac_cv_env_XCB_UTIL_CURSOR_CFLAGS_value=
ac_cv_env_XCB_UTIL_CURSOR_LIBS_set=
ac_cv_env_XCB_UTIL_CURSOR_LIBS_value=
ac_cv_env_XCB_UTIL_KEYSYMS_CFLAGS_set=
ac_cv_env_XCB_UTIL_KEYSYMS_CFLAGS_value=
ac_cv_env_XCB_UTIL_KEYSYMS_LIBS_set=
ac_cv_env_XCB_UTIL_KEYSYMS_LIBS_value=
ac_cv_env_XCB_UTIL_LIBS_set=
ac_cv_env_XCB_UTIL_LIBS_value=
ac_cv_env_XCB_UTIL_WM_CFLAGS_set=
ac_cv_env_XCB_UTIL_WM_CFLAGS_value=
ac_cv_env_XCB_UTIL_WM_LIBS_set=
ac_cv_env_XCB_UTIL_WM_LIBS_value=
ac_cv_env_XCB_UTIL_XRM_CFLAGS_set=
ac_cv_env_XCB_UTIL_XRM_CFLAGS_value=
ac_cv_env_XCB_UTIL_XRM_LIBS_set=
ac_cv_env_XCB_UTIL_XRM_LIBS_value=
ac_cv_env_XKBCOMMON_CFLAGS_set=
ac_cv_env_XKBCOMMON_CFLAGS_value=
ac_cv_env_XKBCOMMON_LIBS_set=
ac_cv_env_XKBCOMMON_LIBS_value=
ac_cv_env_YAJL_CFLAGS_set=
ac_cv_env_YAJL_CFLAGS_value=
ac_cv_env_YAJL_LIBS_set=
ac_cv_env_YAJL_LIBS_value=
ac_cv_env_build_alias_set=
ac_cv_env_build_alias_value=
ac_cv_env_host_alias_set=
ac_cv_env_host_alias_value=
ac_cv_env_target_alias_set=
ac_cv_env_target_alias_value=
ac_cv_func_atexit=yes
ac_cv_func_dup2=yes
ac_cv_func_fork=yes
ac_cv_func_fork_works=yes
ac_cv_func_ftruncate=yes
ac_cv_func_getcwd=yes
ac_cv_func_gettimeofday=yes
ac_cv_func_localtime_r=yes
ac_cv_func_lstat_dereferences_slashed_symlink=yes
ac_cv_func_memchr=yes
ac_cv_func_memset=yes
ac_cv_func_mkdir=yes
ac_cv_func_rmdir=yes
ac_cv_func_setlocale=yes
ac_cv_func_socket=yes
ac_cv_func_strcasecmp=yes
ac_cv_func_strchr=yes
ac_cv_func_strdup=yes
ac_cv_func_strerror=yes
ac_cv_func_strncasecmp=yes
ac_cv_func_strndup=yes
ac_cv_func_strnlen_working=yes
ac_cv_func_strrchr=yes
ac_cv_func_strspn=yes
ac_cv_func_strstr=yes
ac_cv_func_strtol=yes
ac_cv_func_strtoul=yes
ac_cv_func_vfork=yes
ac_cv_func_vfork_works=yes
ac_cv_header_fcntl_h=yes
ac_cv_header_float_h=yes
ac_cv_header_inttypes_h=yes
ac_cv_header_limits_h=yes
ac_cv_header_locale_h=yes
ac_cv_header_memory_h=yes
ac_cv_header_minix_config_h=no
ac_cv_header_netinet_in_h=yes
ac_cv_header_paths_h=yes
ac_cv_header_stdbool_h=yes
ac_cv_header_stdc=yes
ac_cv_header_stddef_h=yes
ac_cv_header_stdint_h=yes
ac_cv_header_stdlib_h=yes
ac_cv_header_string_h=yes
ac_cv_header_strings_h=yes
ac_cv_header_sys_param_h=yes
ac_cv_header_sys_socket_h=yes
ac_cv_header_sys_stat_h=yes
ac_cv_header_sys_time_h=yes
ac_cv_header_sys_types_h=yes
ac_cv_header_unistd_h=yes
ac_cv_header_vfork_h=no
ac_cv_host=x86_64-pc-linux-gnu
ac_cv_objext=o
ac_cv_path_EGREP='/usr/bin/grep -E'
ac_cv_path_GREP=/usr/bin/grep
ac_cv_path_PATH_POD2MAN=/usr/bin/pod2man
ac_cv_path_SED=/usr/bin/sed
ac_cv_path_ac_pt_PKG_CONFIG=/usr/bin/pkg-config
ac_cv_path_ax_enable_builddir_sed=sed
ac_cv_path_install='/usr/bin/install -c'
ac_cv_path_mkdir=/usr/bin/mkdir
ac_cv_prog_AWK=mawk
ac_cv_prog_CPP='gcc -E'
ac_cv_prog_ac_ct_AR=ar
ac_cv_prog_ac_ct_CC=gcc
ac_cv_prog_ac_ct_RANLIB=ranlib
ac_cv_prog_cc_c89=
ac_cv_prog_cc_c99=
ac_cv_prog_cc_g=yes
ac_cv_prog_make_make_set=yes
ac_cv_safe_to_define___extensions__=yes
ac_cv_search_ev_run=-lev
ac_cv_search_floor=-lm
ac_cv_search_iconv_open='none required'
ac_cv_search_shm_open=-lrt
ac_cv_target=x86_64-pc-linux-gnu
ac_cv_type__Bool=yes
ac_cv_type_mode_t=yes
ac_cv_type_off_t=yes
ac_cv_type_pid_t=yes
ac_cv_type_size_t=yes
ac_cv_type_ssize_t=yes
am_cv_CC_dependencies_compiler_type=gcc3
am_cv_ar_interface=ar
am_cv_make_support_nested_variables=yes
am_cv_prog_cc_c_o=yes
ax_cv_PTHREAD_CLANG=no
ax_cv_PTHREAD_JOINABLE_ATTR=PTHREAD_CREATE_JOINABLE
ax_cv_PTHREAD_PRIO_INHERIT=yes
ax_cv_PTHREAD_SPECIAL_FLAGS=no
ax_cv_check_cflags___Wunused_value=yes
ax_cv_gnu_make_command=make
pkg_cv_GLIBGOBJECT_CFLAGS='-I/usr/include/glib-2.0 -I/usr/lib/x86_64-linux-gnu/glib-2.0/include'
pkg_cv_GLIBGOBJECT_LIBS='-lgobject-2.0 -lglib-2.0'
pkg_cv_LIBPCRE_CFLAGS=
pkg_cv_LIBPCRE_LIBS=-lpcre
pkg_cv_LIBSN_CFLAGS=-I/usr/include/startup-notification-1.0
pkg_cv_LIBSN_LIBS=-lstartup-notification-1
pkg_cv_PANGOCAIRO_CFLAGS='-I/usr/include/pango-1.0 -I/usr/include/fribidi -I/usr/include/harfbuzz -I/usr/include/cairo -I/usr/include/glib-2.0 -I/usr/lib/x86_64-linux-gnu/glib-2.0/include -I/usr/include/pixman-1 -I/usr/include/uuid -I/usr/include/freetype2 -I/usr/include/libpng16'
pkg_cv_PANGOCAIRO_LIBS='-lpangocairo-1.0 -lpango-1.0 -lgobject-2.0 -lglib-2.0 -lharfbuzz -lcairo'
pkg_cv_XCB_CFLAGS=
pkg_cv_XCB_LIBS='-lxcb -lxcb-xkb -lxcb-xinerama -lxcb-randr -lxcb-shape'
pkg_cv_XCB_UTIL_CFLAGS=
pkg_cv_XCB_UTIL_CURSOR_CFLAGS=
pkg_cv_XCB_UTIL_CURSOR_LIBS='-lxcb-cursor -lxcb'
pkg_cv_XCB_UTIL_KEYSYMS_CFLAGS=
pkg_cv_XCB_UTIL_KEYSYMS_LIBS='-lxcb-keysyms -lxcb'
pkg_cv_XCB_UTIL_LIBS='-lxcb-util -lxcb'
pkg_cv_XCB_UTIL_WM_CFLAGS=
pkg_cv_XCB_UTIL_WM_LIBS='-lxcb-icccm -lxcb'
pkg_cv_XCB_UTIL_XRM_CFLAGS=
pkg_cv_XCB_UTIL_XRM_LIBS='-lxcb-xrm -lxcb'
pkg_cv_XKBCOMMON_CFLAGS=
pkg_cv_XKBCOMMON_LIBS='-lxkbcommon-x11 -lxkbcommon'
pkg_cv_YAJL_CFLAGS=-I/usr/include/yajl
pkg_cv_YAJL_LIBS=-lyajl

## ----------------- ##
## Output variables. ##
## ----------------- ##











	$(AM_V_at)$(MAKE) $(AM_MAKEFLAGS) code-coverage-capture
	$(code_coverage_v_genhtml)LANG=C $(GENHTML) $(code_coverage_quiet) $(addprefix --prefix ,$(CODE_COVERAGE_DIRECTORY)) --output-directory "$(CODE_COVERAGE_OUTPUT_DIRECTORY)" --title "$(PACKAGE_NAME)-$(PACKAGE_VERSION) Code Coverage" --legend --show-details "$(CODE_COVERAGE_OUTPUT_FILE)" $(CODE_COVERAGE_GENHTML_OPTIONS)
	$(code_coverage_v_lcov_cap)$(LCOV) $(code_coverage_quiet) $(addprefix --directory ,$(CODE_COVERAGE_DIRECTORY)) --capture --output-file "$(CODE_COVERAGE_OUTPUT_FILE).tmp" --test-name "$(call code_coverage_sanitize,$(PACKAGE_NAME)-$(PACKAGE_VERSION))" --no-checksum --compat-libtool $(CODE_COVERAGE_LCOV_SHOPTS) $(CODE_COVERAGE_LCOV_OPTIONS)
	$(code_coverage_v_lcov_ign)$(LCOV) $(code_coverage_quiet) $(addprefix --directory ,$(CODE_COVERAGE_DIRECTORY)) --remove "$(CODE_COVERAGE_OUTPUT_FILE).tmp" "/tmp/*" $(CODE_COVERAGE_IGNORE_PATTERN) --output-file "$(CODE_COVERAGE_OUTPUT_FILE)" $(CODE_COVERAGE_LCOV_SHOPTS) $(CODE_COVERAGE_LCOV_RMOPTS)
	-$(AM_V_at)$(MAKE) $(AM_MAKEFLAGS) -k check
	-$(LCOV) --directory $(top_builddir) -z
	-@rm -f $(CODE_COVERAGE_OUTPUT_FILE).tmp
	-find . -name "*.gcda" -o -name "*.gcov" -delete
	-rm -rf $(CODE_COVERAGE_OUTPUT_FILE) $(CODE_COVERAGE_OUTPUT_FILE).tmp $(CODE_COVERAGE_OUTPUT_DIRECTORY)
	@echo "Need to reconfigure with --enable-code-coverage"
	@echo "Need to reconfigure with --enable-code-coverage"
	@echo "file://$(abs_builddir)/$(CODE_COVERAGE_OUTPUT_DIRECTORY)/index.html"
 $(CODE_COVERAGE_IGNORE_PATTERN);
 $(CODE_COVERAGE_OUTPUT_FILE);
#
#
#    $(PACKAGE_NAME)-$(PACKAGE_VERSION)-coverage)
#    $(PACKAGE_NAME)-$(PACKAGE_VERSION)-coverage.info)
#    (Default: $(top_builddir))
#    (Default: empty)
#    Multiple directories may be specified, separated by whitespace.
#    by lcov for code coverage. (Default:
#    collecting lcov instance. (Default: $CODE_COVERAGE_LCOV_OPTIONS_GCOVPATH)
#    genhtml instance. (Default: based on $CODE_COVERAGE_BRANCH_COVERAGE)
#    instance. (Default: $CODE_COVERAGE_GENHTML_OPTIONS_DEFAULT)
#    instance. (Default: $CODE_COVERAGE_LCOV_OPTIONS_DEFAULT)
#    instance. (Default: $CODE_COVERAGE_LCOV_RMOPTS_DEFAULT)
#    instances. (Default: $CODE_COVERAGE_LCOV_SHOPTS_DEFAULT)
#    instances. (Default: based on $CODE_COVERAGE_BRANCH_COVERAGE)
#    lcov instance. (Default: empty)
#    reports to be created. (Default:
#    set to 0 to disable it and leave empty to stay with the default.
#  - CODE_COVERAGE_BRANCH_COVERAGE: Set to 1 to enforce branch coverage,
#  - CODE_COVERAGE_DIRECTORY: Top-level directory for code coverage reporting.
#  - CODE_COVERAGE_GENHTML_OPTIONS: Extra options to pass to the genhtml
#  - CODE_COVERAGE_GENHTML_OPTIONS_DEFAULT: Extra options to pass to the
#  - CODE_COVERAGE_IGNORE_PATTERN: Extra glob pattern of files to ignore
#  - CODE_COVERAGE_LCOV_OPTIONS: Extra options to pass to the collecting lcov
#  - CODE_COVERAGE_LCOV_OPTIONS_DEFAULT: Extra options to pass to the
#  - CODE_COVERAGE_LCOV_OPTIONS_GCOVPATH: --gcov-tool pathtogcov
#  - CODE_COVERAGE_LCOV_RMOPTS: Extra options to pass to the filtering lcov
#  - CODE_COVERAGE_LCOV_RMOPTS_DEFAULT: Extra options to pass to the filtering
#  - CODE_COVERAGE_LCOV_SHOPTS: Extra options to shared between both lcov
#  - CODE_COVERAGE_LCOV_SHOPTS_DEFAULT: Extra options shared between both lcov
#  - CODE_COVERAGE_OUTPUT_DIRECTORY: Directory for generated code coverage
#  - CODE_COVERAGE_OUTPUT_FILE: Filename and path for the .info file generated
# $(PACKAGE_VERSION). In order to add the current git hash to the title,
# Capture code coverage data
# Code coverage
# Hook rule executed before code-coverage-capture, overridable by the user
# Optional variables
# Optional:
# The generated report will be titled using the $(PACKAGE_NAME) and
# Use recursive makes in order to ignore errors during check
# sanitizes the test-name: replaces with underscores: dashes and dots
# use the git-version-gen script, available online.
$(if $(CODE_COVERAGE_BRANCH_COVERAGE),\
'
--rc genhtml_branch_coverage=$(CODE_COVERAGE_BRANCH_COVERAGE))
--rc lcov_branch_coverage=$(CODE_COVERAGE_BRANCH_COVERAGE))
.PHONY: check-code-coverage code-coverage-capture code-coverage-capture-hook code-coverage-clean
ACLOCAL='${SHELL} /home/james/src/i3-radius/missing aclocal-1.16'
AMDEPBACKSLASH='\'
AMDEP_FALSE='#'
AMDEP_TRUE=''
AMTAR='$${TAR-tar}'
AM_BACKSLASH='\'
AM_CFLAGS='-Wunused-value'
AM_DEFAULT_V='$(AM_DEFAULT_VERBOSITY)'
AM_DEFAULT_VERBOSITY='0'
AM_DISTCHECK_CONFIGURE_FLAGS += --disable-code-coverage
AM_DISTCHECK_CONFIGURE_FLAGS ?=
AM_V='$(V)'
AR='ar'
AUTOCONF='${SHELL} /home/james/src/i3-radius/missing autoconf'
AUTOHEADER='${SHELL} /home/james/src/i3-radius/missing autoheader'
AUTOMAKE='${SHELL} /home/james/src/i3-radius/missing automake-1.16'
AWK='mawk'
AX_EXTEND_SRCDIR_CPPFLAGS='-DSTRIPPED__FILE__=\"$$(basename $<)\"'
BUILD_DOCS_FALSE=''
BUILD_DOCS_TRUE='#'
BUILD_MANS_FALSE=''
BUILD_MANS_TRUE='#'
CC='gcc'
CCDEPMODE='depmode=gcc3'
CFLAGS=' -g -O0 -Wall'
CODE_COVERAGE_BRANCH_COVERAGE ?=
CODE_COVERAGE_CFLAGS=''
CODE_COVERAGE_CPPFLAGS=''
CODE_COVERAGE_CXXFLAGS=''
CODE_COVERAGE_DIRECTORY ?= $(top_builddir)
CODE_COVERAGE_ENABLED='no'
CODE_COVERAGE_ENABLED_FALSE=''
CODE_COVERAGE_ENABLED_TRUE='#'
CODE_COVERAGE_GENHTML_OPTIONS ?= $(CODE_COVERAGE_GENHTML_OPTIONS_DEFAULTS)
CODE_COVERAGE_GENHTML_OPTIONS_DEFAULT ?=\
CODE_COVERAGE_IGNORE_PATTERN ?=
CODE_COVERAGE_LCOV_OPTIONS ?= $(CODE_COVERAGE_LCOV_OPTIONS_DEFAULT)
CODE_COVERAGE_LCOV_OPTIONS_DEFAULT ?= $(CODE_COVERAGE_LCOV_OPTIONS_GCOVPATH)
CODE_COVERAGE_LCOV_OPTIONS_GCOVPATH ?= --gcov-tool "$(GCOV)"
CODE_COVERAGE_LCOV_RMOPTS ?= $(CODE_COVERAGE_LCOV_RMOPTS_DEFAULT)
CODE_COVERAGE_LCOV_RMOPTS_DEFAULT ?=
CODE_COVERAGE_LCOV_SHOPTS ?= $(CODE_COVERAGE_LCOV_SHOPTS_DEFAULT)
CODE_COVERAGE_LCOV_SHOPTS_DEFAULT ?= $(if $(CODE_COVERAGE_BRANCH_COVERAGE),\
CODE_COVERAGE_LDFLAGS=''
CODE_COVERAGE_OUTPUT_DIRECTORY ?= $(PACKAGE_NAME)-$(PACKAGE_VERSION)-coverage
CODE_COVERAGE_OUTPUT_FILE ?= $(PACKAGE_NAME)-$(PACKAGE_VERSION)-coverage.info
CODE_COVERAGE_RULES='
CPP='gcc -E'
CPPFLAGS=''
CYGPATH_W='echo'
DEFS='-DHAVE_CONFIG_H'
DEPDIR='.deps'
ECHO_C=''
ECHO_N='-n'
ECHO_T=''
EGREP='/usr/bin/grep -E'
EXEEXT=''
GCOV=''
GENHTML=''
GITIGNOREFILES += $(CODE_COVERAGE_OUTPUT_FILE) $(CODE_COVERAGE_OUTPUT_DIRECTORY)
GITIGNOREFILES ?=
GLIBGOBJECT_CFLAGS='-I/usr/include/glib-2.0 -I/usr/lib/x86_64-linux-gnu/glib-2.0/include'
GLIBGOBJECT_LIBS='-lgobject-2.0 -lglib-2.0'
GREP='/usr/bin/grep'
I3_VERSION='4.16.1-185-g939ccc6c (2019-09-18, branch \"shape\")'
INSTALL_DATA='${INSTALL} -m 644'
INSTALL_PROGRAM='${INSTALL}'
INSTALL_SCRIPT='${INSTALL}'
INSTALL_STRIP_PROGRAM='$(install_sh) -c -s'
LCOV=''
LDFLAGS=''
LIBOBJS=''
LIBPCRE_CFLAGS=''
LIBPCRE_LIBS='-lpcre'
LIBS='-lrt -lev -lm '
LIBSN_CFLAGS='-I/usr/include/startup-notification-1.0'
LIBSN_LIBS='-lstartup-notification-1'
LN_S='ln -s'
LTLIBOBJS=''
MAINT=''
MAINTAINER_MODE_FALSE='#'
MAINTAINER_MODE_TRUE=''
MAKEINFO='${SHELL} /home/james/src/i3-radius/missing makeinfo'
MKDIR_P='/usr/bin/mkdir -p'
OBJEXT='o'
PACKAGE='i3'
PACKAGE_BUGREPORT='https://github.com/i3/i3/issues'
PACKAGE_NAME='i3'
PACKAGE_STRING='i3 4.16.1'
PACKAGE_TARNAME='i3'
PACKAGE_URL=''
PACKAGE_VERSION='4.16.1'
PANGOCAIRO_CFLAGS='-I/usr/include/pango-1.0 -I/usr/include/fribidi -I/usr/include/harfbuzz -I/usr/include/cairo -I/usr/include/glib-2.0 -I/usr/lib/x86_64-linux-gnu/glib-2.0/include -I/usr/include/pixman-1 -I/usr/include/uuid -I/usr/include/freetype2 -I/usr/include/libpng16'
PANGOCAIRO_LIBS='-lpangocairo-1.0 -lpango-1.0 -lgobject-2.0 -lglib-2.0 -lharfbuzz -lcairo'
PATH_ASCIIDOC=''
PATH_POD2MAN='/usr/bin/pod2man'
PATH_SEPARATOR=':'
PATH_XMLTO=''
PKG_CONFIG='/usr/bin/pkg-config'
PKG_CONFIG_LIBDIR=''
PKG_CONFIG_PATH=''
PTHREAD_CC='gcc'
PTHREAD_CFLAGS='-pthread'
PTHREAD_LIBS=''
RANLIB='ranlib'
SED='/usr/bin/sed'
SET_MAKE=''
SHELL='/bin/bash'
STRIP=''
VERSION='4.16.1'
XCB_CFLAGS=''
XCB_LIBS='-lxcb -lxcb-xkb -lxcb-xinerama -lxcb-randr -lxcb-shape'
XCB_UTIL_CFLAGS=''
XCB_UTIL_CURSOR_CFLAGS=''
XCB_UTIL_CURSOR_LIBS='-lxcb-cursor -lxcb'
XCB_UTIL_KEYSYMS_CFLAGS=''
XCB_UTIL_KEYSYMS_LIBS='-lxcb-keysyms -lxcb'
XCB_UTIL_LIBS='-lxcb-util -lxcb'
XCB_UTIL_WM_CFLAGS=''
XCB_UTIL_WM_LIBS='-lxcb-icccm -lxcb'
XCB_UTIL_XRM_CFLAGS=''
XCB_UTIL_XRM_LIBS='-lxcb-xrm -lxcb'
XKBCOMMON_CFLAGS=''
XKBCOMMON_LIBS='-lxkbcommon-x11 -lxkbcommon'
YAJL_CFLAGS='-I/usr/include/yajl'
YAJL_LIBS='-lyajl'
ac_ct_AR='ar'
ac_ct_CC='gcc'
am__EXEEXT_FALSE=''
am__EXEEXT_TRUE='#'
am__fastdepCC_FALSE='#'
am__fastdepCC_TRUE=''
am__include='include'
am__isrc=' -I$(srcdir)'
am__leading_dot='.'
am__nodep='_no'
am__quote=''
am__tar='$${TAR-tar} chof - "$$tardir"'
am__untar='$${TAR-tar} xf -'
ax_enable_builddir_sed='sed'
ax_pthread_config=''
bindir='${exec_prefix}/bin'
build='x86_64-pc-linux-gnu'
build_alias=''
build_cpu='x86_64'
build_os='linux-gnu'
build_vendor='pc'
check-code-coverage:
clean: code-coverage-clean
code-coverage-capture-hook:
code-coverage-capture: code-coverage-capture-hook
code-coverage-clean:
code_coverage_quiet = $(code_coverage_quiet_$(V))
code_coverage_quiet_ = $(code_coverage_quiet_$(AM_DEFAULT_VERBOSITY))
code_coverage_quiet_0 = --quiet
code_coverage_sanitize = $(subst -,_,$(subst .,_,$(1)))
code_coverage_v_genhtml = $(code_coverage_v_genhtml_$(V))
code_coverage_v_genhtml_ = $(code_coverage_v_genhtml_$(AM_DEFAULT_VERBOSITY))
code_coverage_v_genhtml_0 = @echo "  GEN   " $(CODE_COVERAGE_OUTPUT_DIRECTORY);
code_coverage_v_lcov_cap = $(code_coverage_v_lcov_cap_$(V))
code_coverage_v_lcov_cap_ = $(code_coverage_v_lcov_cap_$(AM_DEFAULT_VERBOSITY))
code_coverage_v_lcov_cap_0 = @echo "  LCOV   --capture"\
code_coverage_v_lcov_ign = $(code_coverage_v_lcov_ign_$(V))
code_coverage_v_lcov_ign_ = $(code_coverage_v_lcov_ign_$(AM_DEFAULT_VERBOSITY))
code_coverage_v_lcov_ign_0 = @echo "  LCOV   --remove /tmp/*"\
datadir='${datarootdir}'
datarootdir='${prefix}/share'
docdir='${datarootdir}/doc/${PACKAGE_TARNAME}'
dvidir='${docdir}'
else
else
endif
endif
endif
exec_prefix='${prefix}'
host='x86_64-pc-linux-gnu'
host_alias=''
host_cpu='x86_64'
host_os='linux-gnu'
host_vendor='pc'
htmldir='${docdir}'
ifGNUmake=''
ifeq ($(CODE_COVERAGE_ENABLED),yes)
ifeq ($(CODE_COVERAGE_ENABLED),yes)
ifeq ($(CODE_COVERAGE_ENABLED),yes)
includedir='${prefix}/include'
infodir='${datarootdir}/info'
install_sh='${SHELL} /home/james/src/i3-radius/install-sh'
libdir='${exec_prefix}/lib'
libexecdir='${exec_prefix}/libexec'
localedir='${datarootdir}/locale'
localstatedir='${prefix}/var'
mandir='${datarootdir}/man'
mkdir_p='$(MKDIR_P)'
oldincludedir='/usr/include'
pdfdir='${docdir}'
prefix='/usr'
program_transform_name='s,x,x,'
psdir='${docdir}'
runstatedir='${localstatedir}/run'
sbindir='${exec_prefix}/sbin'
sharedstatedir='${prefix}/com'
sysconfdir='/etc'
target='x86_64-pc-linux-gnu'
target_alias=''
target_cpu='x86_64'
target_os='linux-gnu'
target_vendor='pc'

## ----------- ##
## confdefs.h. ##
## ----------- ##

/* confdefs.h */
#define PACKAGE_NAME "i3"
#define PACKAGE_TARNAME "i3"
#define PACKAGE_VERSION "4.16.1"
#define PACKAGE_STRING "i3 4.16.1"
#define PACKAGE_BUGREPORT "https://github.com/i3/i3/issues"
#define PACKAGE_URL ""
#define PACKAGE "i3"
#define VERSION "4.16.1"
#define I3_VERSION "4.16.1-185-g939ccc6c (2019-09-18, branch \"shape\")"
#define MAJOR_VERSION 4
#define MINOR_VERSION 16
#define PATCH_VERSION 1
#define STDC_HEADERS 1
#define HAVE_SYS_TYPES_H 1
#define HAVE_SYS_STAT_H 1
#define HAVE_STDLIB_H 1
#define HAVE_STRING_H 1
#define HAVE_MEMORY_H 1
#define HAVE_STRINGS_H 1
#define HAVE_INTTYPES_H 1
#define HAVE_STDINT_H 1
#define HAVE_UNISTD_H 1
#define __EXTENSIONS__ 1
#define _ALL_SOURCE 1
#define _GNU_SOURCE 1
#define _POSIX_PTHREAD_SEMANTICS 1
#define _TANDEM_SOURCE 1
#define HAVE__BOOL 1
#define HAVE_MODE_T 1
#define HAVE_OFF_T 1
#define HAVE_PID_T 1
#define HAVE_SIZE_T 1
#define HAVE_SSIZE_T 1
#define HAVE_FORK 1
#define HAVE_VFORK 1
#define HAVE_WORKING_VFORK 1
#define HAVE_WORKING_FORK 1
#define LSTAT_FOLLOWS_SLASHED_SYMLINK 1
#define HAVE_ATEXIT 1
#define HAVE_DUP2 1
#define HAVE_FTRUNCATE 1
#define HAVE_GETCWD 1
#define HAVE_GETTIMEOFDAY 1
#define HAVE_LOCALTIME_R 1
#define HAVE_MEMCHR 1
#define HAVE_MEMSET 1
#define HAVE_MKDIR 1
#define HAVE_RMDIR 1
#define HAVE_SETLOCALE 1
#define HAVE_SOCKET 1
#define HAVE_STRCASECMP 1
#define HAVE_STRCHR 1
#define HAVE_STRDUP 1
#define HAVE_STRERROR 1
#define HAVE_STRNCASECMP 1
#define HAVE_STRNDUP 1
#define HAVE_STRRCHR 1
#define HAVE_STRSPN 1
#define HAVE_STRSTR 1
#define HAVE_STRTOL 1
#define HAVE_STRTOUL 1
#define HAVE_PTHREAD_PRIO_INHERIT 1
#define HAVE_PTHREAD 1
#define HAVE_FCNTL_H 1
#define HAVE_FLOAT_H 1
#define HAVE_INTTYPES_H 1
#define HAVE_LIMITS_H 1
#define HAVE_LOCALE_H 1
#define HAVE_NETINET_IN_H 1
#define HAVE_PATHS_H 1
#define HAVE_STDDEF_H 1
#define HAVE_STDINT_H 1
#define HAVE_STDLIB_H 1
#define HAVE_STRING_H 1
#define HAVE_SYS_PARAM_H 1
#define HAVE_SYS_SOCKET_H 1
#define HAVE_SYS_TIME_H 1
#define HAVE_UNISTD_H 1

configure: exit 0
