Performing C++ SOURCE FILE Test CMAKE_HAVE_LIBC_PTHREAD failed with the following output:
Change Dir: /home/james/src/polybar/build/CMakeFiles/CMakeTmp

Run Build Command(s):/usr/bin/make cmTC_c7f98/fast && /usr/bin/make -f CMakeFiles/cmTC_c7f98.dir/build.make CMakeFiles/cmTC_c7f98.dir/build
make[1]: Entering directory '/home/james/src/polybar/build/CMakeFiles/CMakeTmp'
Building CXX object CMakeFiles/cmTC_c7f98.dir/src.cxx.o
/usr/bin/g++    -Wall -Wextra -Wpedantic -DCMAKE_HAVE_LIBC_PTHREAD   -o CMakeFiles/cmTC_c7f98.dir/src.cxx.o -c /home/james/src/polybar/build/CMakeFiles/CMakeTmp/src.cxx
Linking CXX executable cmTC_c7f98
/usr/bin/cmake -E cmake_link_script CMakeFiles/cmTC_c7f98.dir/link.txt --verbose=1
/usr/bin/g++   -Wall -Wextra -Wpedantic -DCMAKE_HAVE_LIBC_PTHREAD    -rdynamic CMakeFiles/cmTC_c7f98.dir/src.cxx.o  -o cmTC_c7f98 
/usr/bin/ld: CMakeFiles/cmTC_c7f98.dir/src.cxx.o: in function `main':
src.cxx:(.text+0x46): undefined reference to `pthread_create'
/usr/bin/ld: src.cxx:(.text+0x52): undefined reference to `pthread_detach'
/usr/bin/ld: src.cxx:(.text+0x63): undefined reference to `pthread_join'
collect2: error: ld returned 1 exit status
make[1]: *** [CMakeFiles/cmTC_c7f98.dir/build.make:87: cmTC_c7f98] Error 1
make[1]: Leaving directory '/home/james/src/polybar/build/CMakeFiles/CMakeTmp'
make: *** [Makefile:121: cmTC_c7f98/fast] Error 2


Source file was:
#include <pthread.h>

void* test_func(void* data)
{
  return data;
}

int main(void)
{
  pthread_t thread;
  pthread_create(&thread, NULL, test_func, NULL);
  pthread_detach(thread);
  pthread_join(thread, NULL);
  pthread_atfork(NULL, NULL, NULL);
  pthread_exit(NULL);

  return 0;
}

